<?xml version="1.0" encoding="UTF-8"?>
<coverage generated="1642008255171" clover="3.2.0">
  <project timestamp="1642008255172" name="All files">
    <metrics statements="15" coveredstatements="9" conditionals="22" coveredconditionals="15" methods="4" coveredmethods="3" elements="41" coveredelements="27" complexity="0" loc="15" ncloc="15" packages="1" files="1" classes="1"/>
    <file name="temp.js" path="C:\Users\crook\Documents\Grit\Grit_Generators\grit-release-it\temp.js">
      <metrics statements="15" coveredstatements="9" conditionals="22" coveredconditionals="15" methods="4" coveredmethods="3"/>
      <line num="2" count="1" type="stmt"/>
      <line num="5" count="1" type="cond" truecount="1" falsecount="1"/>
      <line num="6" count="0" type="stmt"/>
      <line num="10" count="1" type="stmt"/>
      <line num="15" count="1" type="stmt"/>
      <line num="20" count="1" type="stmt"/>
      <line num="31" count="1" type="stmt"/>
      <line num="34" count="1" type="stmt"/>
      <line num="43" count="1" type="cond" truecount="7" falsecount="3"/>
      <line num="44" count="0" type="stmt"/>
      <line num="45" count="0" type="stmt"/>
      <line num="54" count="1" type="cond" truecount="7" falsecount="3"/>
      <line num="55" count="0" type="stmt"/>
      <line num="56" count="0" type="stmt"/>
      <line num="66" count="0" type="stmt"/>
    </file>
  </project>
</coverage>
