{"C:\\Users\\crook\\Documents\\Grit\\Grit_Generators\\grit-release-it\\temp.js": {"path":"C:\\Users\\crook\\Documents\\Grit\\Grit_Generators\\grit-release-it\\temp.js","statementMap":{"0":{"start":{"line":2,"column":0},"end":{"line":68,"column":2}},"1":{"start":{"line":5,"column":8},"end":{"line":7,"column":9}},"2":{"start":{"line":6,"column":12},"end":{"line":6,"column":125}},"3":{"start":{"line":10,"column":8},"end":{"line":14,"column":11}},"4":{"start":{"line":15,"column":8},"end":{"line":19,"column":11}},"5":{"start":{"line":20,"column":8},"end":{"line":24,"column":11}},"6":{"start":{"line":31,"column":8},"end":{"line":33,"column":11}},"7":{"start":{"line":34,"column":8},"end":{"line":41,"column":11}},"8":{"start":{"line":43,"column":8},"end":{"line":52,"column":9}},"9":{"start":{"line":44,"column":12},"end":{"line":44,"column":71}},"10":{"start":{"line":45,"column":12},"end":{"line":51,"column":15}},"11":{"start":{"line":54,"column":8},"end":{"line":63,"column":9}},"12":{"start":{"line":55,"column":12},"end":{"line":55,"column":72}},"13":{"start":{"line":56,"column":12},"end":{"line":62,"column":15}},"14":{"start":{"line":66,"column":8},"end":{"line":66,"column":32}}},"fnMap":{"0":{"name":"(anonymous_0)","decl":{"start":{"line":3,"column":4},"end":{"line":3,"column":5}},"loc":{"start":{"line":3,"column":18},"end":{"line":8,"column":5}},"line":3},"1":{"name":"(anonymous_1)","decl":{"start":{"line":9,"column":4},"end":{"line":9,"column":5}},"loc":{"start":{"line":9,"column":14},"end":{"line":25,"column":5}},"line":9},"2":{"name":"(anonymous_2)","decl":{"start":{"line":29,"column":4},"end":{"line":29,"column":5}},"loc":{"start":{"line":29,"column":18},"end":{"line":64,"column":5}},"line":29},"3":{"name":"(anonymous_3)","decl":{"start":{"line":65,"column":4},"end":{"line":65,"column":5}},"loc":{"start":{"line":65,"column":26},"end":{"line":67,"column":5}},"line":65}},"branchMap":{"0":{"loc":{"start":{"line":5,"column":8},"end":{"line":7,"column":9}},"type":"if","locations":[{"start":{"line":5,"column":8},"end":{"line":7,"column":9}},{"start":{},"end":{}}],"line":5},"1":{"loc":{"start":{"line":43,"column":8},"end":{"line":52,"column":9}},"type":"if","locations":[{"start":{"line":43,"column":8},"end":{"line":52,"column":9}},{"start":{},"end":{}}],"line":43},"2":{"loc":{"start":{"line":43,"column":12},"end":{"line":43,"column":127}},"type":"cond-expr","locations":[{"start":{"line":43,"column":111},"end":{"line":43,"column":117}},{"start":{"line":43,"column":120},"end":{"line":43,"column":127}}],"line":43},"3":{"loc":{"start":{"line":43,"column":12},"end":{"line":43,"column":108}},"type":"binary-expr","locations":[{"start":{"line":43,"column":12},"end":{"line":43,"column":91}},{"start":{"line":43,"column":95},"end":{"line":43,"column":108}}],"line":43},"4":{"loc":{"start":{"line":43,"column":18},"end":{"line":43,"column":81}},"type":"cond-expr","locations":[{"start":{"line":43,"column":62},"end":{"line":43,"column":68}},{"start":{"line":43,"column":71},"end":{"line":43,"column":81}}],"line":43},"5":{"loc":{"start":{"line":43,"column":18},"end":{"line":43,"column":59}},"type":"binary-expr","locations":[{"start":{"line":43,"column":18},"end":{"line":43,"column":42}},{"start":{"line":43,"column":46},"end":{"line":43,"column":59}}],"line":43},"6":{"loc":{"start":{"line":54,"column":8},"end":{"line":63,"column":9}},"type":"if","locations":[{"start":{"line":54,"column":8},"end":{"line":63,"column":9}},{"start":{},"end":{}}],"line":54},"7":{"loc":{"start":{"line":54,"column":12},"end":{"line":54,"column":128}},"type":"cond-expr","locations":[{"start":{"line":54,"column":111},"end":{"line":54,"column":117}},{"start":{"line":54,"column":120},"end":{"line":54,"column":128}}],"line":54},"8":{"loc":{"start":{"line":54,"column":12},"end":{"line":54,"column":108}},"type":"binary-expr","locations":[{"start":{"line":54,"column":12},"end":{"line":54,"column":91}},{"start":{"line":54,"column":95},"end":{"line":54,"column":108}}],"line":54},"9":{"loc":{"start":{"line":54,"column":18},"end":{"line":54,"column":81}},"type":"cond-expr","locations":[{"start":{"line":54,"column":62},"end":{"line":54,"column":68}},{"start":{"line":54,"column":71},"end":{"line":54,"column":81}}],"line":54},"10":{"loc":{"start":{"line":54,"column":18},"end":{"line":54,"column":59}},"type":"binary-expr","locations":[{"start":{"line":54,"column":18},"end":{"line":54,"column":42}},{"start":{"line":54,"column":46},"end":{"line":54,"column":59}}],"line":54}},"s":{"0":1,"1":1,"2":0,"3":1,"4":1,"5":1,"6":1,"7":1,"8":1,"9":0,"10":0,"11":1,"12":0,"13":0,"14":0},"f":{"0":1,"1":1,"2":1,"3":0},"b":{"0":[0,1],"1":[0,1],"2":[1,0],"3":[1,1],"4":[0,1],"5":[1,1],"6":[0,1],"7":[1,0],"8":[1,1],"9":[0,1],"10":[1,1]},"_coverageSchema":"1a1c01bbd47fc00a2c39e90264f33305004495a9","hash":"376bbca45d8cdd561d00d088a7127d184ea32d96"}
}
