TN:
SF:temp.js
FN:3,(anonymous_0)
FN:9,(anonymous_1)
FN:29,(anonymous_2)
FN:65,(anonymous_3)
FNF:4
FNH:3
FNDA:1,(anonymous_0)
FNDA:1,(anonymous_1)
FNDA:1,(anonymous_2)
FNDA:0,(anonymous_3)
DA:2,1
DA:5,1
DA:6,0
DA:10,1
DA:15,1
DA:20,1
DA:31,1
DA:34,1
DA:43,1
DA:44,0
DA:45,0
DA:54,1
DA:55,0
DA:56,0
DA:66,0
LF:15
LH:9
BRDA:5,0,0,0
BRDA:5,0,1,1
BRDA:43,1,0,0
BRDA:43,1,1,1
BRDA:43,2,0,1
BRDA:43,2,1,0
BRDA:43,3,0,1
BRDA:43,3,1,1
BRDA:43,4,0,0
BRDA:43,4,1,1
BRDA:43,5,0,1
BRDA:43,5,1,1
BRDA:54,6,0,0
BRDA:54,6,1,1
BRDA:54,7,0,1
BRDA:54,7,1,0
BRDA:54,8,0,1
BRDA:54,8,1,1
BRDA:54,9,0,0
BRDA:54,9,1,1
BRDA:54,10,0,1
BRDA:54,10,1,1
BRF:22
BRH:15
end_of_record
