{"C:\\Users\\crook\\Documents\\Grit\\Grit_Generators\\grit-eslint\\temp.js": {"path":"C:\\Users\\crook\\Documents\\Grit\\Grit_Generators\\grit-eslint\\temp.js","statementMap":{"0":{"start":{"line":2,"column":0},"end":{"line":66,"column":2}},"1":{"start":{"line":6,"column":8},"end":{"line":19,"column":11}},"2":{"start":{"line":20,"column":8},"end":{"line":24,"column":11}},"3":{"start":{"line":25,"column":8},"end":{"line":31,"column":11}},"4":{"start":{"line":29,"column":27},"end":{"line":29,"column":44}},"5":{"start":{"line":32,"column":8},"end":{"line":37,"column":11}},"6":{"start":{"line":38,"column":8},"end":{"line":45,"column":11}},"7":{"start":{"line":42,"column":16},"end":{"line":42,"column":56}},"8":{"start":{"line":51,"column":8},"end":{"line":53,"column":11}},"9":{"start":{"line":54,"column":8},"end":{"line":59,"column":11}},"10":{"start":{"line":62,"column":8},"end":{"line":62,"column":23}},"11":{"start":{"line":63,"column":8},"end":{"line":63,"column":32}},"12":{"start":{"line":64,"column":8},"end":{"line":64,"column":31}}},"fnMap":{"0":{"name":"(anonymous_0)","decl":{"start":{"line":3,"column":4},"end":{"line":3,"column":5}},"loc":{"start":{"line":3,"column":18},"end":{"line":4,"column":5}},"line":3},"1":{"name":"(anonymous_1)","decl":{"start":{"line":5,"column":4},"end":{"line":5,"column":5}},"loc":{"start":{"line":5,"column":18},"end":{"line":46,"column":5}},"line":5},"2":{"name":"(anonymous_2)","decl":{"start":{"line":29,"column":20},"end":{"line":29,"column":21}},"loc":{"start":{"line":29,"column":27},"end":{"line":29,"column":44}},"line":29},"3":{"name":"(anonymous_3)","decl":{"start":{"line":41,"column":12},"end":{"line":41,"column":13}},"loc":{"start":{"line":41,"column":29},"end":{"line":43,"column":13}},"line":41},"4":{"name":"(anonymous_4)","decl":{"start":{"line":50,"column":4},"end":{"line":50,"column":5}},"loc":{"start":{"line":50,"column":14},"end":{"line":60,"column":5}},"line":50},"5":{"name":"(anonymous_5)","decl":{"start":{"line":61,"column":4},"end":{"line":61,"column":5}},"loc":{"start":{"line":61,"column":26},"end":{"line":65,"column":5}},"line":61}},"branchMap":{"0":{"loc":{"start":{"line":28,"column":21},"end":{"line":28,"column":63}},"type":"binary-expr","locations":[{"start":{"line":28,"column":21},"end":{"line":28,"column":42}},{"start":{"line":28,"column":46},"end":{"line":28,"column":63}}],"line":28}},"s":{"0":2,"1":2,"2":2,"3":2,"4":0,"5":2,"6":2,"7":0,"8":2,"9":2,"10":0,"11":0,"12":0},"f":{"0":2,"1":2,"2":0,"3":0,"4":2,"5":0},"b":{"0":[2,0]},"_coverageSchema":"1a1c01bbd47fc00a2c39e90264f33305004495a9","hash":"fe8ca82ebc475f16195d8c020c9db8dbb889980b"}
}
