{"C:\\Users\\crook\\Documents\\Grit\\grit-cli\\packages\\env\\src\\config.ts": {"path":"C:\\Users\\crook\\Documents\\Grit\\grit-cli\\packages\\env\\src\\config.ts","statementMap":{"0":{"start":{"line":6,"column":24},"end":{"line":6,"column":60}},"1":{"start":{"line":7,"column":26},"end":{"line":7,"column":62}},"2":{"start":{"line":10,"column":22},"end":{"line":10,"column":23}},"3":{"start":{"line":11,"column":31},"end":{"line":14,"column":1}},"4":{"start":{"line":15,"column":37},"end":{"line":15,"column":77}},"5":{"start":{"line":16,"column":35},"end":{"line":16,"column":79}},"6":{"start":{"line":17,"column":32},"end":{"line":17,"column":73}},"7":{"start":{"line":20,"column":11},"end":{"line":20,"column":31}},"8":{"start":{"line":21,"column":27},"end":{"line":21,"column":61}},"9":{"start":{"line":21,"column":51},"end":{"line":21,"column":61}},"10":{"start":{"line":22,"column":37},"end":{"line":22,"column":77}},"11":{"start":{"line":22,"column":60},"end":{"line":22,"column":77}},"12":{"start":{"line":25,"column":16},"end":{"line":25,"column":28}},"13":{"start":{"line":26,"column":28},"end":{"line":26,"column":40}},"14":{"start":{"line":27,"column":29},"end":{"line":27,"column":65}},"15":{"start":{"line":28,"column":24},"end":{"line":28,"column":50}},"16":{"start":{"line":31,"column":34},"end":{"line":31,"column":80}},"17":{"start":{"line":34,"column":32},"end":{"line":39,"column":1}},"18":{"start":{"line":41,"column":32},"end":{"line":48,"column":1}}},"fnMap":{"0":{"name":"(anonymous_0)","decl":{"start":{"line":21,"column":27},"end":{"line":21,"column":28}},"loc":{"start":{"line":21,"column":51},"end":{"line":21,"column":61}},"line":21},"1":{"name":"(anonymous_1)","decl":{"start":{"line":22,"column":37},"end":{"line":22,"column":38}},"loc":{"start":{"line":22,"column":60},"end":{"line":22,"column":77}},"line":22}},"branchMap":{"0":{"loc":{"start":{"line":27,"column":29},"end":{"line":27,"column":65}},"type":"binary-expr","locations":[{"start":{"line":27,"column":29},"end":{"line":27,"column":55}},{"start":{"line":27,"column":59},"end":{"line":27,"column":65}}],"line":27},"1":{"loc":{"start":{"line":28,"column":24},"end":{"line":28,"column":50}},"type":"binary-expr","locations":[{"start":{"line":28,"column":24},"end":{"line":28,"column":40}},{"start":{"line":28,"column":44},"end":{"line":28,"column":50}}],"line":28}},"s":{"0":1,"1":1,"2":1,"3":1,"4":1,"5":1,"6":1,"7":1,"8":1,"9":0,"10":1,"11":0,"12":1,"13":1,"14":1,"15":1,"16":1,"17":1,"18":1},"f":{"0":0,"1":0},"b":{"0":[1,0],"1":[1,0]},"_coverageSchema":"1a1c01bbd47fc00a2c39e90264f33305004495a9","hash":"1a51c307c559936d01fba92b0dc6765709ffe9ba"}
,"C:\\Users\\crook\\Documents\\Grit\\grit-cli\\packages\\env\\src\\store\\baseStore\\index.ts": {"path":"C:\\Users\\crook\\Documents\\Grit\\grit-cli\\packages\\env\\src\\store\\baseStore\\index.ts","statementMap":{"0":{"start":{"line":41,"column":2},"end":{"line":41,"column":56}},"1":{"start":{"line":43,"column":2},"end":{"line":43,"column":45}},"2":{"start":{"line":45,"column":2},"end":{"line":48,"column":3}},"3":{"start":{"line":50,"column":2},"end":{"line":50,"column":22}},"4":{"start":{"line":52,"column":2},"end":{"line":52,"column":25}},"5":{"start":{"line":56,"column":2},"end":{"line":56,"column":46}},"6":{"start":{"line":57,"column":2},"end":{"line":61,"column":3}},"7":{"start":{"line":58,"column":3},"end":{"line":58,"column":49}},"8":{"start":{"line":60,"column":3},"end":{"line":60,"column":22}},"9":{"start":{"line":65,"column":2},"end":{"line":69,"column":3}},"10":{"start":{"line":66,"column":3},"end":{"line":66,"column":62}},"11":{"start":{"line":68,"column":3},"end":{"line":68,"column":12}},"12":{"start":{"line":79,"column":2},"end":{"line":79,"column":25}},"13":{"start":{"line":80,"column":24},"end":{"line":80,"column":38}},"14":{"start":{"line":81,"column":2},"end":{"line":86,"column":3}},"15":{"start":{"line":82,"column":3},"end":{"line":84,"column":5}},"16":{"start":{"line":85,"column":3},"end":{"line":85,"column":14}},"17":{"start":{"line":87,"column":2},"end":{"line":94,"column":3}},"18":{"start":{"line":95,"column":2},"end":{"line":95,"column":36}},"19":{"start":{"line":96,"column":2},"end":{"line":96,"column":70}},"20":{"start":{"line":97,"column":2},"end":{"line":97,"column":13}},"21":{"start":{"line":104,"column":2},"end":{"line":104,"column":36}},"22":{"start":{"line":111,"column":2},"end":{"line":111,"column":74}},"23":{"start":{"line":112,"column":2},"end":{"line":112,"column":32}},"24":{"start":{"line":113,"column":2},"end":{"line":113,"column":70}},"25":{"start":{"line":114,"column":2},"end":{"line":114,"column":13}},"26":{"start":{"line":119,"column":2},"end":{"line":119,"column":33}},"27":{"start":{"line":128,"column":2},"end":{"line":132,"column":5}},"28":{"start":{"line":129,"column":29},"end":{"line":129,"column":55}},"29":{"start":{"line":131,"column":4},"end":{"line":131,"column":16}},"30":{"start":{"line":139,"column":2},"end":{"line":139,"column":39}},"31":{"start":{"line":140,"column":25},"end":{"line":140,"column":68}},"32":{"start":{"line":141,"column":2},"end":{"line":161,"column":3}},"33":{"start":{"line":143,"column":3},"end":{"line":151,"column":4}},"34":{"start":{"line":144,"column":4},"end":{"line":144,"column":48}},"35":{"start":{"line":145,"column":23},"end":{"line":145,"column":59}},"36":{"start":{"line":146,"column":4},"end":{"line":146,"column":38}},"37":{"start":{"line":147,"column":4},"end":{"line":147,"column":72}},"38":{"start":{"line":149,"column":4},"end":{"line":149,"column":23}},"39":{"start":{"line":150,"column":4},"end":{"line":150,"column":10}},"40":{"start":{"line":154,"column":3},"end":{"line":160,"column":4}},"41":{"start":{"line":155,"column":4},"end":{"line":155,"column":40}},"42":{"start":{"line":156,"column":4},"end":{"line":156,"column":34}},"43":{"start":{"line":158,"column":4},"end":{"line":158,"column":23}},"44":{"start":{"line":159,"column":4},"end":{"line":159,"column":10}},"45":{"start":{"line":168,"column":2},"end":{"line":172,"column":3}},"46":{"start":{"line":183,"column":2},"end":{"line":183,"column":15}},"47":{"start":{"line":184,"column":2},"end":{"line":184,"column":16}},"48":{"start":{"line":185,"column":2},"end":{"line":185,"column":70}}},"fnMap":{"0":{"name":"(anonymous_0)","decl":{"start":{"line":40,"column":1},"end":{"line":40,"column":2}},"loc":{"start":{"line":40,"column":41},"end":{"line":53,"column":2}},"line":40},"1":{"name":"(anonymous_1)","decl":{"start":{"line":55,"column":1},"end":{"line":55,"column":2}},"loc":{"start":{"line":55,"column":31},"end":{"line":62,"column":2}},"line":55},"2":{"name":"(anonymous_2)","decl":{"start":{"line":64,"column":1},"end":{"line":64,"column":2}},"loc":{"start":{"line":64,"column":26},"end":{"line":70,"column":2}},"line":64},"3":{"name":"(anonymous_3)","decl":{"start":{"line":78,"column":1},"end":{"line":78,"column":2}},"loc":{"start":{"line":78,"column":58},"end":{"line":98,"column":2}},"line":78},"4":{"name":"(anonymous_4)","decl":{"start":{"line":103,"column":1},"end":{"line":103,"column":2}},"loc":{"start":{"line":103,"column":39},"end":{"line":105,"column":2}},"line":103},"5":{"name":"(anonymous_5)","decl":{"start":{"line":110,"column":1},"end":{"line":110,"column":2}},"loc":{"start":{"line":110,"column":27},"end":{"line":115,"column":2}},"line":110},"6":{"name":"(anonymous_6)","decl":{"start":{"line":118,"column":1},"end":{"line":118,"column":2}},"loc":{"start":{"line":118,"column":16},"end":{"line":120,"column":2}},"line":118},"7":{"name":"(anonymous_7)","decl":{"start":{"line":127,"column":1},"end":{"line":127,"column":2}},"loc":{"start":{"line":127,"column":74},"end":{"line":133,"column":2}},"line":127},"8":{"name":"(anonymous_8)","decl":{"start":{"line":129,"column":11},"end":{"line":129,"column":12}},"loc":{"start":{"line":129,"column":29},"end":{"line":129,"column":55}},"line":129},"9":{"name":"(anonymous_9)","decl":{"start":{"line":130,"column":8},"end":{"line":130,"column":9}},"loc":{"start":{"line":130,"column":23},"end":{"line":132,"column":4}},"line":130},"10":{"name":"(anonymous_10)","decl":{"start":{"line":138,"column":1},"end":{"line":138,"column":2}},"loc":{"start":{"line":138,"column":27},"end":{"line":162,"column":2}},"line":138},"11":{"name":"(anonymous_11)","decl":{"start":{"line":167,"column":1},"end":{"line":167,"column":2}},"loc":{"start":{"line":167,"column":16},"end":{"line":173,"column":2}},"line":167},"12":{"name":"(anonymous_12)","decl":{"start":{"line":182,"column":1},"end":{"line":182,"column":2}},"loc":{"start":{"line":182,"column":15},"end":{"line":186,"column":2}},"line":182}},"branchMap":{"0":{"loc":{"start":{"line":41,"column":19},"end":{"line":41,"column":56}},"type":"binary-expr","locations":[{"start":{"line":41,"column":19},"end":{"line":41,"column":37}},{"start":{"line":41,"column":41},"end":{"line":41,"column":56}}],"line":41},"1":{"loc":{"start":{"line":47,"column":3},"end":{"line":47,"column":41}},"type":"binary-expr","locations":[{"start":{"line":47,"column":3},"end":{"line":47,"column":25}},{"start":{"line":47,"column":29},"end":{"line":47,"column":41}}],"line":47},"2":{"loc":{"start":{"line":78,"column":34},"end":{"line":78,"column":50}},"type":"default-arg","locations":[{"start":{"line":78,"column":46},"end":{"line":78,"column":50}}],"line":78},"3":{"loc":{"start":{"line":81,"column":2},"end":{"line":86,"column":3}},"type":"if","locations":[{"start":{"line":81,"column":2},"end":{"line":86,"column":3}},{"start":{},"end":{}}],"line":81},"4":{"loc":{"start":{"line":81,"column":6},"end":{"line":81,"column":33}},"type":"binary-expr","locations":[{"start":{"line":81,"column":6},"end":{"line":81,"column":19}},{"start":{"line":81,"column":23},"end":{"line":81,"column":33}}],"line":81},"5":{"loc":{"start":{"line":141,"column":2},"end":{"line":161,"column":3}},"type":"if","locations":[{"start":{"line":141,"column":2},"end":{"line":161,"column":3}},{"start":{},"end":{}}],"line":141}},"s":{"0":5,"1":5,"2":5,"3":5,"4":5,"5":5,"6":5,"7":5,"8":0,"9":11,"10":11,"11":0,"12":5,"13":5,"14":5,"15":0,"16":0,"17":5,"18":5,"19":5,"20":5,"21":6,"22":0,"23":0,"24":0,"25":0,"26":0,"27":0,"28":0,"29":0,"30":1,"31":1,"32":1,"33":1,"34":1,"35":1,"36":1,"37":1,"38":0,"39":0,"40":1,"41":1,"42":1,"43":0,"44":0,"45":8,"46":6,"47":6,"48":6},"f":{"0":5,"1":5,"2":11,"3":5,"4":6,"5":0,"6":0,"7":0,"8":0,"9":0,"10":1,"11":8,"12":6},"b":{"0":[5,0],"1":[5,5],"2":[5],"3":[0,5],"4":[5,1],"5":[1,0]},"_coverageSchema":"1a1c01bbd47fc00a2c39e90264f33305004495a9","hash":"29022af60ad696be5b7e8eebd48cf407178183ca"}
,"C:\\Users\\crook\\Documents\\Grit\\grit-cli\\packages\\env\\src\\utils\\git-user\\index.ts": {"path":"C:\\Users\\crook\\Documents\\Grit\\grit-cli\\packages\\env\\src\\utils\\git-user\\index.ts","statementMap":{"0":{"start":{"line":12,"column":30},"end":{"line":12,"column":34}},"1":{"start":{"line":14,"column":26},"end":{"line":36,"column":1}},"2":{"start":{"line":15,"column":1},"end":{"line":15,"column":28}},"3":{"start":{"line":15,"column":14},"end":{"line":15,"column":28}},"4":{"start":{"line":17,"column":1},"end":{"line":23,"column":2}},"5":{"start":{"line":18,"column":2},"end":{"line":22,"column":3}},"6":{"start":{"line":25,"column":18},"end":{"line":25,"column":55}},"7":{"start":{"line":26,"column":1},"end":{"line":28,"column":2}},"8":{"start":{"line":27,"column":2},"end":{"line":27,"column":46}},"9":{"start":{"line":29,"column":23},"end":{"line":29,"column":64}},"10":{"start":{"line":30,"column":1},"end":{"line":34,"column":2}},"11":{"start":{"line":35,"column":1},"end":{"line":35,"column":15}}},"fnMap":{"0":{"name":"(anonymous_0)","decl":{"start":{"line":14,"column":26},"end":{"line":14,"column":27}},"loc":{"start":{"line":14,"column":55},"end":{"line":36,"column":1}},"line":14}},"branchMap":{"0":{"loc":{"start":{"line":15,"column":1},"end":{"line":15,"column":28}},"type":"if","locations":[{"start":{"line":15,"column":1},"end":{"line":15,"column":28}},{"start":{},"end":{}}],"line":15},"1":{"loc":{"start":{"line":17,"column":1},"end":{"line":23,"column":2}},"type":"if","locations":[{"start":{"line":17,"column":1},"end":{"line":23,"column":2}},{"start":{},"end":{}}],"line":17},"2":{"loc":{"start":{"line":26,"column":1},"end":{"line":28,"column":2}},"type":"if","locations":[{"start":{"line":26,"column":1},"end":{"line":28,"column":2}},{"start":{},"end":{}}],"line":26},"3":{"loc":{"start":{"line":29,"column":9},"end":{"line":29,"column":18}},"type":"default-arg","locations":[{"start":{"line":29,"column":16},"end":{"line":29,"column":18}}],"line":29},"4":{"loc":{"start":{"line":31,"column":8},"end":{"line":31,"column":23}},"type":"binary-expr","locations":[{"start":{"line":31,"column":8},"end":{"line":31,"column":17}},{"start":{"line":31,"column":21},"end":{"line":31,"column":23}}],"line":31},"5":{"loc":{"start":{"line":32,"column":12},"end":{"line":32,"column":31}},"type":"binary-expr","locations":[{"start":{"line":32,"column":12},"end":{"line":32,"column":25}},{"start":{"line":32,"column":29},"end":{"line":32,"column":31}}],"line":32},"6":{"loc":{"start":{"line":33,"column":9},"end":{"line":33,"column":25}},"type":"binary-expr","locations":[{"start":{"line":33,"column":9},"end":{"line":33,"column":19}},{"start":{"line":33,"column":23},"end":{"line":33,"column":25}}],"line":33}},"s":{"0":1,"1":1,"2":1,"3":0,"4":1,"5":0,"6":1,"7":1,"8":0,"9":1,"10":1,"11":1},"f":{"0":1},"b":{"0":[0,1],"1":[0,1],"2":[0,1],"3":[0],"4":[1,0],"5":[1,0],"6":[1,0]},"_coverageSchema":"1a1c01bbd47fc00a2c39e90264f33305004495a9","hash":"0d873c944cc1a82ea5258c02a2064cc2b8f173d7"}
}
