TN:
SF:src\config.ts
FN:21,(anonymous_0)
FN:22,(anonymous_1)
FNF:2
FNH:0
FNDA:0,(anonymous_0)
FNDA:0,(anonymous_1)
DA:6,1
DA:7,1
DA:10,1
DA:11,1
DA:15,1
DA:16,1
DA:17,1
DA:20,1
DA:21,1
DA:22,1
DA:25,1
DA:26,1
DA:27,1
DA:28,1
DA:31,1
DA:34,1
DA:41,1
LF:17
LH:17
BRDA:27,0,0,1
BRDA:27,0,1,0
BRDA:28,1,0,1
BRDA:28,1,1,0
BRF:4
BRH:2
end_of_record
TN:
SF:src\store\baseStore\index.ts
FN:40,(anonymous_0)
FN:55,(anonymous_1)
FN:64,(anonymous_2)
FN:78,(anonymous_3)
FN:103,(anonymous_4)
FN:110,(anonymous_5)
FN:118,(anonymous_6)
FN:127,(anonymous_7)
FN:129,(anonymous_8)
FN:130,(anonymous_9)
FN:138,(anonymous_10)
FN:167,(anonymous_11)
FN:182,(anonymous_12)
FNF:13
FNH:8
FNDA:5,(anonymous_0)
FNDA:5,(anonymous_1)
FNDA:11,(anonymous_2)
FNDA:5,(anonymous_3)
FNDA:6,(anonymous_4)
FNDA:0,(anonymous_5)
FNDA:0,(anonymous_6)
FNDA:0,(anonymous_7)
FNDA:0,(anonymous_8)
FNDA:0,(anonymous_9)
FNDA:1,(anonymous_10)
FNDA:8,(anonymous_11)
FNDA:6,(anonymous_12)
DA:41,5
DA:43,5
DA:45,5
DA:50,5
DA:52,5
DA:56,5
DA:57,5
DA:58,5
DA:60,0
DA:65,11
DA:66,11
DA:68,0
DA:79,5
DA:80,5
DA:81,5
DA:82,0
DA:85,0
DA:87,5
DA:95,5
DA:96,5
DA:97,5
DA:104,6
DA:111,0
DA:112,0
DA:113,0
DA:114,0
DA:119,0
DA:128,0
DA:129,0
DA:131,0
DA:139,1
DA:140,1
DA:141,1
DA:143,1
DA:144,1
DA:145,1
DA:146,1
DA:147,1
DA:149,0
DA:150,0
DA:154,1
DA:155,1
DA:156,1
DA:158,0
DA:159,0
DA:168,8
DA:183,6
DA:184,6
DA:185,6
LF:49
LH:33
BRDA:41,0,0,5
BRDA:41,0,1,0
BRDA:47,1,0,5
BRDA:47,1,1,5
BRDA:78,2,0,5
BRDA:81,3,0,0
BRDA:81,3,1,5
BRDA:81,4,0,5
BRDA:81,4,1,1
BRDA:141,5,0,1
BRDA:141,5,1,0
BRF:11
BRH:8
end_of_record
TN:
SF:src\utils\git-user\index.ts
FN:14,(anonymous_0)
FNF:1
FNH:1
FNDA:1,(anonymous_0)
DA:12,1
DA:14,1
DA:15,1
DA:17,1
DA:18,0
DA:25,1
DA:26,1
DA:27,0
DA:29,1
DA:30,1
DA:35,1
LF:11
LH:9
BRDA:15,0,0,0
BRDA:15,0,1,1
BRDA:17,1,0,0
BRDA:17,1,1,1
BRDA:26,2,0,0
BRDA:26,2,1,1
BRDA:29,3,0,0
BRDA:31,4,0,1
BRDA:31,4,1,0
BRDA:32,5,0,1
BRDA:32,5,1,0
BRDA:33,6,0,1
BRDA:33,6,1,0
BRF:13
BRH:6
end_of_record
