{"/Users/Timothy/Documents/development/Grit-1/packages/youtill/src/binary/index.ts": {"path":"/Users/Timothy/Documents/development/Grit-1/packages/youtill/src/binary/index.ts","statementMap":{"0":{"start":{"line":3,"column":28},"end":{"line":12,"column":1}},"1":{"start":{"line":5,"column":2},"end":{"line":10,"column":3}},"2":{"start":{"line":6,"column":3},"end":{"line":6,"column":50}},"3":{"start":{"line":7,"column":3},"end":{"line":7,"column":14}},"4":{"start":{"line":9,"column":3},"end":{"line":9,"column":15}}},"fnMap":{"0":{"name":"(anonymous_0)","decl":{"start":{"line":4,"column":13},"end":{"line":4,"column":14}},"loc":{"start":{"line":4,"column":28},"end":{"line":11,"column":2}},"line":4}},"branchMap":{},"s":{"0":1,"1":0,"2":0,"3":0,"4":0},"f":{"0":0},"b":{},"_coverageSchema":"1a1c01bbd47fc00a2c39e90264f33305004495a9","hash":"ec7280665cc2486a4112bfe600dbf2ce7078adb7"}
,"/Users/Timothy/Documents/development/Grit-1/packages/youtill/src/files/index.ts": {"path":"/Users/Timothy/Documents/development/Grit-1/packages/youtill/src/files/index.ts","statementMap":{"0":{"start":{"line":15,"column":22},"end":{"line":21,"column":1}},"1":{"start":{"line":16,"column":1},"end":{"line":20,"column":2}},"2":{"start":{"line":17,"column":2},"end":{"line":17,"column":50}},"3":{"start":{"line":19,"column":2},"end":{"line":19,"column":14}},"4":{"start":{"line":24,"column":26},"end":{"line":30,"column":1}},"5":{"start":{"line":25,"column":1},"end":{"line":29,"column":2}},"6":{"start":{"line":26,"column":2},"end":{"line":26,"column":35}},"7":{"start":{"line":28,"column":2},"end":{"line":28,"column":14}},"8":{"start":{"line":33,"column":26},"end":{"line":49,"column":1}},"9":{"start":{"line":34,"column":1},"end":{"line":41,"column":2}},"10":{"start":{"line":35,"column":2},"end":{"line":39,"column":3}},"11":{"start":{"line":36,"column":3},"end":{"line":38,"column":4}},"12":{"start":{"line":40,"column":2},"end":{"line":40,"column":54}},"13":{"start":{"line":42,"column":1},"end":{"line":48,"column":2}},"14":{"start":{"line":43,"column":2},"end":{"line":43,"column":33}},"15":{"start":{"line":45,"column":2},"end":{"line":47,"column":3}},"16":{"start":{"line":52,"column":30},"end":{"line":68,"column":1}},"17":{"start":{"line":53,"column":1},"end":{"line":60,"column":2}},"18":{"start":{"line":54,"column":2},"end":{"line":58,"column":3}},"19":{"start":{"line":55,"column":3},"end":{"line":57,"column":4}},"20":{"start":{"line":59,"column":2},"end":{"line":59,"column":54}},"21":{"start":{"line":61,"column":1},"end":{"line":67,"column":2}},"22":{"start":{"line":62,"column":2},"end":{"line":62,"column":20}},"23":{"start":{"line":64,"column":2},"end":{"line":66,"column":3}},"24":{"start":{"line":79,"column":26},"end":{"line":86,"column":1}},"25":{"start":{"line":80,"column":1},"end":{"line":85,"column":2}},"26":{"start":{"line":81,"column":2},"end":{"line":81,"column":33}},"27":{"start":{"line":82,"column":2},"end":{"line":82,"column":13}},"28":{"start":{"line":84,"column":2},"end":{"line":84,"column":14}},"29":{"start":{"line":89,"column":30},"end":{"line":95,"column":1}},"30":{"start":{"line":90,"column":1},"end":{"line":94,"column":2}},"31":{"start":{"line":91,"column":2},"end":{"line":91,"column":27}},"32":{"start":{"line":93,"column":2},"end":{"line":93,"column":14}},"33":{"start":{"line":98,"column":35},"end":{"line":101,"column":1}},"34":{"start":{"line":99,"column":18},"end":{"line":99,"column":36}},"35":{"start":{"line":100,"column":1},"end":{"line":100,"column":41}},"36":{"start":{"line":104,"column":32},"end":{"line":106,"column":1}},"37":{"start":{"line":105,"column":1},"end":{"line":105,"column":25}},"38":{"start":{"line":113,"column":23},"end":{"line":132,"column":1}},"39":{"start":{"line":118,"column":1},"end":{"line":131,"column":2}},"40":{"start":{"line":119,"column":19},"end":{"line":119,"column":51}},"41":{"start":{"line":121,"column":2},"end":{"line":127,"column":3}},"42":{"start":{"line":122,"column":3},"end":{"line":122,"column":73}},"43":{"start":{"line":122,"column":42},"end":{"line":122,"column":72}},"44":{"start":{"line":123,"column":9},"end":{"line":127,"column":3}},"45":{"start":{"line":124,"column":3},"end":{"line":126,"column":4}},"46":{"start":{"line":125,"column":20},"end":{"line":125,"column":55}},"47":{"start":{"line":128,"column":2},"end":{"line":128,"column":17}},"48":{"start":{"line":130,"column":2},"end":{"line":130,"column":11}},"49":{"start":{"line":135,"column":27},"end":{"line":152,"column":1}},"50":{"start":{"line":140,"column":1},"end":{"line":151,"column":2}},"51":{"start":{"line":141,"column":19},"end":{"line":141,"column":38}},"52":{"start":{"line":143,"column":2},"end":{"line":147,"column":3}},"53":{"start":{"line":144,"column":3},"end":{"line":144,"column":65}},"54":{"start":{"line":144,"column":36},"end":{"line":144,"column":64}},"55":{"start":{"line":145,"column":9},"end":{"line":147,"column":3}},"56":{"start":{"line":146,"column":3},"end":{"line":146,"column":76}},"57":{"start":{"line":146,"column":42},"end":{"line":146,"column":75}},"58":{"start":{"line":148,"column":2},"end":{"line":148,"column":17}},"59":{"start":{"line":150,"column":2},"end":{"line":150,"column":11}},"60":{"start":{"line":205,"column":27},"end":{"line":211,"column":1}},"61":{"start":{"line":206,"column":1},"end":{"line":210,"column":2}},"62":{"start":{"line":207,"column":2},"end":{"line":207,"column":55}},"63":{"start":{"line":209,"column":2},"end":{"line":209,"column":14}},"64":{"start":{"line":214,"column":31},"end":{"line":220,"column":1}},"65":{"start":{"line":215,"column":1},"end":{"line":219,"column":2}},"66":{"start":{"line":216,"column":2},"end":{"line":216,"column":40}},"67":{"start":{"line":218,"column":2},"end":{"line":218,"column":14}},"68":{"start":{"line":223,"column":25},"end":{"line":239,"column":1}},"69":{"start":{"line":224,"column":1},"end":{"line":231,"column":2}},"70":{"start":{"line":225,"column":2},"end":{"line":229,"column":3}},"71":{"start":{"line":226,"column":3},"end":{"line":228,"column":4}},"72":{"start":{"line":230,"column":2},"end":{"line":230,"column":54}},"73":{"start":{"line":232,"column":1},"end":{"line":238,"column":2}},"74":{"start":{"line":233,"column":2},"end":{"line":233,"column":53}},"75":{"start":{"line":235,"column":2},"end":{"line":237,"column":3}},"76":{"start":{"line":242,"column":29},"end":{"line":258,"column":1}},"77":{"start":{"line":243,"column":1},"end":{"line":250,"column":2}},"78":{"start":{"line":244,"column":2},"end":{"line":248,"column":3}},"79":{"start":{"line":245,"column":3},"end":{"line":247,"column":4}},"80":{"start":{"line":249,"column":2},"end":{"line":249,"column":54}},"81":{"start":{"line":251,"column":1},"end":{"line":257,"column":2}},"82":{"start":{"line":252,"column":2},"end":{"line":252,"column":40}},"83":{"start":{"line":254,"column":2},"end":{"line":256,"column":3}},"84":{"start":{"line":267,"column":26},"end":{"line":277,"column":1}},"85":{"start":{"line":268,"column":1},"end":{"line":276,"column":2}},"86":{"start":{"line":269,"column":2},"end":{"line":273,"column":3}},"87":{"start":{"line":270,"column":3},"end":{"line":270,"column":23}},"88":{"start":{"line":271,"column":9},"end":{"line":273,"column":3}},"89":{"start":{"line":272,"column":3},"end":{"line":272,"column":24}},"90":{"start":{"line":275,"column":2},"end":{"line":275,"column":58}},"91":{"start":{"line":280,"column":30},"end":{"line":290,"column":1}},"92":{"start":{"line":281,"column":1},"end":{"line":289,"column":2}},"93":{"start":{"line":282,"column":2},"end":{"line":286,"column":3}},"94":{"start":{"line":283,"column":3},"end":{"line":283,"column":21}},"95":{"start":{"line":284,"column":9},"end":{"line":286,"column":3}},"96":{"start":{"line":285,"column":3},"end":{"line":285,"column":22}},"97":{"start":{"line":288,"column":2},"end":{"line":288,"column":58}},"98":{"start":{"line":293,"column":31},"end":{"line":296,"column":1}},"99":{"start":{"line":294,"column":1},"end":{"line":294,"column":46}},"100":{"start":{"line":295,"column":1},"end":{"line":295,"column":23}},"101":{"start":{"line":299,"column":29},"end":{"line":308,"column":1}},"102":{"start":{"line":300,"column":1},"end":{"line":302,"column":2}},"103":{"start":{"line":301,"column":2},"end":{"line":301,"column":71}},"104":{"start":{"line":303,"column":1},"end":{"line":305,"column":2}},"105":{"start":{"line":304,"column":2},"end":{"line":304,"column":29}},"106":{"start":{"line":306,"column":16},"end":{"line":306,"column":33}},"107":{"start":{"line":307,"column":1},"end":{"line":307,"column":14}},"108":{"start":{"line":311,"column":25},"end":{"line":346,"column":1}},"109":{"start":{"line":312,"column":1},"end":{"line":313,"column":64}},"110":{"start":{"line":313,"column":2},"end":{"line":313,"column":64}},"111":{"start":{"line":316,"column":16},"end":{"line":316,"column":50}},"112":{"start":{"line":319,"column":32},"end":{"line":331,"column":3}},"113":{"start":{"line":334,"column":20},"end":{"line":334,"column":55}},"114":{"start":{"line":337,"column":1},"end":{"line":337,"column":37}},"115":{"start":{"line":340,"column":18},"end":{"line":340,"column":42}},"116":{"start":{"line":343,"column":1},"end":{"line":343,"column":29}},"117":{"start":{"line":345,"column":1},"end":{"line":345,"column":16}},"118":{"start":{"line":348,"column":17},"end":{"line":348,"column":37}},"119":{"start":{"line":350,"column":21},"end":{"line":350,"column":36}}},"fnMap":{"0":{"name":"(anonymous_0)","decl":{"start":{"line":15,"column":22},"end":{"line":15,"column":23}},"loc":{"start":{"line":15,"column":63},"end":{"line":21,"column":1}},"line":15},"1":{"name":"(anonymous_1)","decl":{"start":{"line":24,"column":26},"end":{"line":24,"column":27}},"loc":{"start":{"line":24,"column":52},"end":{"line":30,"column":1}},"line":24},"2":{"name":"(anonymous_2)","decl":{"start":{"line":33,"column":26},"end":{"line":33,"column":27}},"loc":{"start":{"line":33,"column":64},"end":{"line":49,"column":1}},"line":33},"3":{"name":"(anonymous_3)","decl":{"start":{"line":52,"column":30},"end":{"line":52,"column":31}},"loc":{"start":{"line":52,"column":53},"end":{"line":68,"column":1}},"line":52},"4":{"name":"(anonymous_4)","decl":{"start":{"line":79,"column":26},"end":{"line":79,"column":27}},"loc":{"start":{"line":79,"column":67},"end":{"line":86,"column":1}},"line":79},"5":{"name":"(anonymous_5)","decl":{"start":{"line":89,"column":30},"end":{"line":89,"column":31}},"loc":{"start":{"line":89,"column":56},"end":{"line":95,"column":1}},"line":89},"6":{"name":"(anonymous_6)","decl":{"start":{"line":98,"column":35},"end":{"line":98,"column":36}},"loc":{"start":{"line":98,"column":60},"end":{"line":101,"column":1}},"line":98},"7":{"name":"(anonymous_7)","decl":{"start":{"line":104,"column":32},"end":{"line":104,"column":33}},"loc":{"start":{"line":104,"column":57},"end":{"line":106,"column":1}},"line":104},"8":{"name":"(anonymous_8)","decl":{"start":{"line":113,"column":23},"end":{"line":113,"column":24}},"loc":{"start":{"line":117,"column":24},"end":{"line":132,"column":1}},"line":117},"9":{"name":"(anonymous_9)","decl":{"start":{"line":122,"column":26},"end":{"line":122,"column":27}},"loc":{"start":{"line":122,"column":42},"end":{"line":122,"column":72}},"line":122},"10":{"name":"(anonymous_10)","decl":{"start":{"line":125,"column":4},"end":{"line":125,"column":5}},"loc":{"start":{"line":125,"column":20},"end":{"line":125,"column":55}},"line":125},"11":{"name":"(anonymous_11)","decl":{"start":{"line":135,"column":27},"end":{"line":135,"column":28}},"loc":{"start":{"line":139,"column":15},"end":{"line":152,"column":1}},"line":139},"12":{"name":"(anonymous_12)","decl":{"start":{"line":144,"column":26},"end":{"line":144,"column":27}},"loc":{"start":{"line":144,"column":36},"end":{"line":144,"column":64}},"line":144},"13":{"name":"(anonymous_13)","decl":{"start":{"line":146,"column":26},"end":{"line":146,"column":27}},"loc":{"start":{"line":146,"column":42},"end":{"line":146,"column":75}},"line":146},"14":{"name":"(anonymous_14)","decl":{"start":{"line":205,"column":27},"end":{"line":205,"column":28}},"loc":{"start":{"line":205,"column":68},"end":{"line":211,"column":1}},"line":205},"15":{"name":"(anonymous_15)","decl":{"start":{"line":214,"column":31},"end":{"line":214,"column":32}},"loc":{"start":{"line":214,"column":57},"end":{"line":220,"column":1}},"line":214},"16":{"name":"(anonymous_16)","decl":{"start":{"line":223,"column":25},"end":{"line":223,"column":26}},"loc":{"start":{"line":223,"column":63},"end":{"line":239,"column":1}},"line":223},"17":{"name":"(anonymous_17)","decl":{"start":{"line":242,"column":29},"end":{"line":242,"column":30}},"loc":{"start":{"line":242,"column":52},"end":{"line":258,"column":1}},"line":242},"18":{"name":"(anonymous_18)","decl":{"start":{"line":267,"column":26},"end":{"line":267,"column":27}},"loc":{"start":{"line":267,"column":64},"end":{"line":277,"column":1}},"line":267},"19":{"name":"(anonymous_19)","decl":{"start":{"line":280,"column":30},"end":{"line":280,"column":31}},"loc":{"start":{"line":280,"column":53},"end":{"line":290,"column":1}},"line":280},"20":{"name":"(anonymous_20)","decl":{"start":{"line":293,"column":31},"end":{"line":293,"column":32}},"loc":{"start":{"line":293,"column":53},"end":{"line":296,"column":1}},"line":293},"21":{"name":"(anonymous_21)","decl":{"start":{"line":299,"column":29},"end":{"line":299,"column":30}},"loc":{"start":{"line":299,"column":66},"end":{"line":308,"column":1}},"line":299},"22":{"name":"(anonymous_22)","decl":{"start":{"line":311,"column":25},"end":{"line":311,"column":26}},"loc":{"start":{"line":311,"column":69},"end":{"line":346,"column":1}},"line":311}},"branchMap":{"0":{"loc":{"start":{"line":34,"column":1},"end":{"line":41,"column":2}},"type":"if","locations":[{"start":{"line":34,"column":1},"end":{"line":41,"column":2}},{"start":{},"end":{}}],"line":34},"1":{"loc":{"start":{"line":35,"column":2},"end":{"line":39,"column":3}},"type":"if","locations":[{"start":{"line":35,"column":2},"end":{"line":39,"column":3}},{"start":{},"end":{}}],"line":35},"2":{"loc":{"start":{"line":53,"column":1},"end":{"line":60,"column":2}},"type":"if","locations":[{"start":{"line":53,"column":1},"end":{"line":60,"column":2}},{"start":{},"end":{}}],"line":53},"3":{"loc":{"start":{"line":54,"column":2},"end":{"line":58,"column":3}},"type":"if","locations":[{"start":{"line":54,"column":2},"end":{"line":58,"column":3}},{"start":{},"end":{}}],"line":54},"4":{"loc":{"start":{"line":121,"column":2},"end":{"line":127,"column":3}},"type":"if","locations":[{"start":{"line":121,"column":2},"end":{"line":127,"column":3}},{"start":{"line":123,"column":9},"end":{"line":127,"column":3}}],"line":121},"5":{"loc":{"start":{"line":123,"column":9},"end":{"line":127,"column":3}},"type":"if","locations":[{"start":{"line":123,"column":9},"end":{"line":127,"column":3}},{"start":{},"end":{}}],"line":123},"6":{"loc":{"start":{"line":143,"column":2},"end":{"line":147,"column":3}},"type":"if","locations":[{"start":{"line":143,"column":2},"end":{"line":147,"column":3}},{"start":{"line":145,"column":9},"end":{"line":147,"column":3}}],"line":143},"7":{"loc":{"start":{"line":145,"column":9},"end":{"line":147,"column":3}},"type":"if","locations":[{"start":{"line":145,"column":9},"end":{"line":147,"column":3}},{"start":{},"end":{}}],"line":145},"8":{"loc":{"start":{"line":224,"column":1},"end":{"line":231,"column":2}},"type":"if","locations":[{"start":{"line":224,"column":1},"end":{"line":231,"column":2}},{"start":{},"end":{}}],"line":224},"9":{"loc":{"start":{"line":225,"column":2},"end":{"line":229,"column":3}},"type":"if","locations":[{"start":{"line":225,"column":2},"end":{"line":229,"column":3}},{"start":{},"end":{}}],"line":225},"10":{"loc":{"start":{"line":243,"column":1},"end":{"line":250,"column":2}},"type":"if","locations":[{"start":{"line":243,"column":1},"end":{"line":250,"column":2}},{"start":{},"end":{}}],"line":243},"11":{"loc":{"start":{"line":244,"column":2},"end":{"line":248,"column":3}},"type":"if","locations":[{"start":{"line":244,"column":2},"end":{"line":248,"column":3}},{"start":{},"end":{}}],"line":244},"12":{"loc":{"start":{"line":269,"column":2},"end":{"line":273,"column":3}},"type":"if","locations":[{"start":{"line":269,"column":2},"end":{"line":273,"column":3}},{"start":{"line":271,"column":9},"end":{"line":273,"column":3}}],"line":269},"13":{"loc":{"start":{"line":271,"column":9},"end":{"line":273,"column":3}},"type":"if","locations":[{"start":{"line":271,"column":9},"end":{"line":273,"column":3}},{"start":{},"end":{}}],"line":271},"14":{"loc":{"start":{"line":282,"column":2},"end":{"line":286,"column":3}},"type":"if","locations":[{"start":{"line":282,"column":2},"end":{"line":286,"column":3}},{"start":{"line":284,"column":9},"end":{"line":286,"column":3}}],"line":282},"15":{"loc":{"start":{"line":284,"column":9},"end":{"line":286,"column":3}},"type":"if","locations":[{"start":{"line":284,"column":9},"end":{"line":286,"column":3}},{"start":{},"end":{}}],"line":284},"16":{"loc":{"start":{"line":300,"column":1},"end":{"line":302,"column":2}},"type":"if","locations":[{"start":{"line":300,"column":1},"end":{"line":302,"column":2}},{"start":{},"end":{}}],"line":300},"17":{"loc":{"start":{"line":303,"column":1},"end":{"line":305,"column":2}},"type":"if","locations":[{"start":{"line":303,"column":1},"end":{"line":305,"column":2}},{"start":{},"end":{}}],"line":303},"18":{"loc":{"start":{"line":303,"column":5},"end":{"line":303,"column":43}},"type":"binary-expr","locations":[{"start":{"line":303,"column":5},"end":{"line":303,"column":8}},{"start":{"line":303,"column":12},"end":{"line":303,"column":43}}],"line":303},"19":{"loc":{"start":{"line":312,"column":1},"end":{"line":313,"column":64}},"type":"if","locations":[{"start":{"line":312,"column":1},"end":{"line":313,"column":64}},{"start":{},"end":{}}],"line":312}},"s":{"0":2,"1":2,"2":2,"3":0,"4":2,"5":0,"6":0,"7":0,"8":2,"9":1,"10":0,"11":0,"12":0,"13":1,"14":1,"15":0,"16":2,"17":0,"18":0,"19":0,"20":0,"21":0,"22":0,"23":0,"24":2,"25":2,"26":2,"27":1,"28":1,"29":2,"30":0,"31":0,"32":0,"33":2,"34":0,"35":0,"36":2,"37":1,"38":2,"39":0,"40":0,"41":0,"42":0,"43":0,"44":0,"45":0,"46":0,"47":0,"48":0,"49":2,"50":0,"51":0,"52":0,"53":0,"54":0,"55":0,"56":0,"57":0,"58":0,"59":0,"60":2,"61":0,"62":0,"63":0,"64":2,"65":0,"66":0,"67":0,"68":2,"69":0,"70":0,"71":0,"72":0,"73":0,"74":0,"75":0,"76":2,"77":0,"78":0,"79":0,"80":0,"81":0,"82":0,"83":0,"84":2,"85":0,"86":0,"87":0,"88":0,"89":0,"90":0,"91":2,"92":0,"93":0,"94":0,"95":0,"96":0,"97":0,"98":2,"99":0,"100":0,"101":2,"102":1,"103":0,"104":1,"105":1,"106":0,"107":0,"108":2,"109":1,"110":0,"111":1,"112":1,"113":1,"114":1,"115":1,"116":1,"117":1,"118":2,"119":2},"f":{"0":2,"1":0,"2":1,"3":0,"4":2,"5":0,"6":0,"7":1,"8":0,"9":0,"10":0,"11":0,"12":0,"13":0,"14":0,"15":0,"16":0,"17":0,"18":0,"19":0,"20":0,"21":1,"22":1},"b":{"0":[0,1],"1":[0,0],"2":[0,0],"3":[0,0],"4":[0,0],"5":[0,0],"6":[0,0],"7":[0,0],"8":[0,0],"9":[0,0],"10":[0,0],"11":[0,0],"12":[0,0],"13":[0,0],"14":[0,0],"15":[0,0],"16":[0,1],"17":[1,0],"18":[1,1],"19":[0,1]},"_coverageSchema":"1a1c01bbd47fc00a2c39e90264f33305004495a9","hash":"4a764b983332737c3e9ff9c52def79df40ad0705"}
,"/Users/Timothy/Documents/development/Grit-1/packages/youtill/src/files/fixtures/globalRequire/second.ts": {"path":"/Users/Timothy/Documents/development/Grit-1/packages/youtill/src/files/fixtures/globalRequire/second.ts","statementMap":{"0":{"start":{"line":1,"column":22},"end":{"line":3,"column":1}},"1":{"start":{"line":2,"column":1},"end":{"line":2,"column":16}},"2":{"start":{"line":5,"column":22},"end":{"line":7,"column":1}}},"fnMap":{"0":{"name":"(anonymous_0)","decl":{"start":{"line":1,"column":22},"end":{"line":1,"column":23}},"loc":{"start":{"line":1,"column":36},"end":{"line":3,"column":1}},"line":1}},"branchMap":{},"s":{"0":1,"1":1,"2":1},"f":{"0":1},"b":{},"_coverageSchema":"1a1c01bbd47fc00a2c39e90264f33305004495a9","hash":"83f68d5658995913726101198c4eecb1559ca26b"}
,"/Users/Timothy/Documents/development/Grit-1/packages/youtill/src/files/fixtures/globalRequire/temp.js": {"path":"/Users/Timothy/Documents/development/Grit-1/packages/youtill/src/files/fixtures/globalRequire/temp.js","statementMap":{"0":{"start":{"line":2,"column":0},"end":{"line":2,"column":62}},"1":{"start":{"line":3,"column":0},"end":{"line":3,"column":54}},"2":{"start":{"line":4,"column":17},"end":{"line":4,"column":36}},"3":{"start":{"line":5,"column":13},"end":{"line":7,"column":1}},"4":{"start":{"line":6,"column":4},"end":{"line":6,"column":34}},"5":{"start":{"line":8,"column":0},"end":{"line":8,"column":20}},"6":{"start":{"line":9,"column":14},"end":{"line":11,"column":1}},"7":{"start":{"line":10,"column":4},"end":{"line":10,"column":17}},"8":{"start":{"line":12,"column":0},"end":{"line":12,"column":22}},"9":{"start":{"line":13,"column":14},"end":{"line":15,"column":1}},"10":{"start":{"line":14,"column":4},"end":{"line":14,"column":27}},"11":{"start":{"line":16,"column":0},"end":{"line":16,"column":22}}},"fnMap":{"0":{"name":"(anonymous_0)","decl":{"start":{"line":5,"column":13},"end":{"line":5,"column":14}},"loc":{"start":{"line":5,"column":19},"end":{"line":7,"column":1}},"line":5},"1":{"name":"(anonymous_1)","decl":{"start":{"line":9,"column":14},"end":{"line":9,"column":15}},"loc":{"start":{"line":9,"column":25},"end":{"line":11,"column":1}},"line":9},"2":{"name":"(anonymous_2)","decl":{"start":{"line":13,"column":14},"end":{"line":13,"column":15}},"loc":{"start":{"line":13,"column":20},"end":{"line":15,"column":1}},"line":13}},"branchMap":{},"s":{"0":1,"1":1,"2":1,"3":1,"4":1,"5":1,"6":1,"7":1,"8":1,"9":1,"10":1,"11":1},"f":{"0":1,"1":1,"2":1},"b":{},"_coverageSchema":"1a1c01bbd47fc00a2c39e90264f33305004495a9","hash":"cef3119f8442ba499136e589ec6f2deba01861d6"}
,"/Users/Timothy/Documents/development/Grit-1/packages/youtill/src/merge/index.ts": {"path":"/Users/Timothy/Documents/development/Grit-1/packages/youtill/src/merge/index.ts","statementMap":{"0":{"start":{"line":13,"column":28},"end":{"line":27,"column":1}},"1":{"start":{"line":19,"column":2},"end":{"line":21,"column":3}},"2":{"start":{"line":20,"column":3},"end":{"line":20,"column":35}},"3":{"start":{"line":24,"column":1},"end":{"line":26,"column":9}},"4":{"start":{"line":25,"column":2},"end":{"line":25,"column":57}},"5":{"start":{"line":35,"column":30},"end":{"line":52,"column":1}},"6":{"start":{"line":41,"column":1},"end":{"line":51,"column":2}},"7":{"start":{"line":44,"column":3},"end":{"line":48,"column":4}},"8":{"start":{"line":45,"column":4},"end":{"line":45,"column":49}},"9":{"start":{"line":47,"column":4},"end":{"line":47,"column":13}},"10":{"start":{"line":61,"column":33},"end":{"line":73,"column":1}},"11":{"start":{"line":67,"column":1},"end":{"line":68,"column":63}},"12":{"start":{"line":68,"column":2},"end":{"line":68,"column":63}},"13":{"start":{"line":70,"column":16},"end":{"line":70,"column":60}},"14":{"start":{"line":72,"column":1},"end":{"line":72,"column":47}}},"fnMap":{"0":{"name":"(anonymous_0)","decl":{"start":{"line":13,"column":28},"end":{"line":13,"column":29}},"loc":{"start":{"line":17,"column":26},"end":{"line":27,"column":1}},"line":17},"1":{"name":"customizer","decl":{"start":{"line":18,"column":10},"end":{"line":18,"column":20}},"loc":{"start":{"line":18,"column":71},"end":{"line":22,"column":2}},"line":18},"2":{"name":"(anonymous_2)","decl":{"start":{"line":24,"column":23},"end":{"line":24,"column":24}},"loc":{"start":{"line":24,"column":37},"end":{"line":26,"column":2}},"line":24},"3":{"name":"(anonymous_3)","decl":{"start":{"line":35,"column":30},"end":{"line":35,"column":31}},"loc":{"start":{"line":39,"column":26},"end":{"line":52,"column":1}},"line":39},"4":{"name":"(anonymous_4)","decl":{"start":{"line":43,"column":16},"end":{"line":43,"column":17}},"loc":{"start":{"line":43,"column":26},"end":{"line":49,"column":3}},"line":43},"5":{"name":"(anonymous_5)","decl":{"start":{"line":61,"column":33},"end":{"line":61,"column":34}},"loc":{"start":{"line":66,"column":11},"end":{"line":73,"column":1}},"line":66}},"branchMap":{"0":{"loc":{"start":{"line":14,"column":1},"end":{"line":14,"column":10}},"type":"default-arg","locations":[{"start":{"line":14,"column":8},"end":{"line":14,"column":10}}],"line":14},"1":{"loc":{"start":{"line":16,"column":1},"end":{"line":16,"column":19}},"type":"default-arg","locations":[{"start":{"line":16,"column":15},"end":{"line":16,"column":19}}],"line":16},"2":{"loc":{"start":{"line":19,"column":2},"end":{"line":21,"column":3}},"type":"if","locations":[{"start":{"line":19,"column":2},"end":{"line":21,"column":3}},{"start":{},"end":{}}],"line":19},"3":{"loc":{"start":{"line":25,"column":31},"end":{"line":25,"column":56}},"type":"binary-expr","locations":[{"start":{"line":25,"column":31},"end":{"line":25,"column":42}},{"start":{"line":25,"column":46},"end":{"line":25,"column":56}}],"line":25},"4":{"loc":{"start":{"line":36,"column":1},"end":{"line":36,"column":10}},"type":"default-arg","locations":[{"start":{"line":36,"column":8},"end":{"line":36,"column":10}}],"line":36},"5":{"loc":{"start":{"line":62,"column":1},"end":{"line":62,"column":10}},"type":"default-arg","locations":[{"start":{"line":62,"column":8},"end":{"line":62,"column":10}}],"line":62},"6":{"loc":{"start":{"line":67,"column":1},"end":{"line":68,"column":63}},"type":"if","locations":[{"start":{"line":67,"column":1},"end":{"line":68,"column":63}},{"start":{},"end":{}}],"line":67}},"s":{"0":1,"1":16,"2":3,"3":3,"4":8,"5":1,"6":2,"7":6,"8":6,"9":0,"10":1,"11":1,"12":0,"13":1,"14":1},"f":{"0":3,"1":16,"2":8,"3":2,"4":6,"5":1},"b":{"0":[0],"1":[3],"2":[3,13],"3":[8,8],"4":[0],"5":[0],"6":[0,1]},"_coverageSchema":"1a1c01bbd47fc00a2c39e90264f33305004495a9","hash":"e83eb9fa90379ceec0d2c52fed22a471b3c3965c"}
}
