TN:
SF:src/binary/index.ts
FN:4,(anonymous_0)
FNF:1
FNH:0
FNDA:0,(anonymous_0)
DA:3,1
DA:5,0
DA:6,0
DA:7,0
DA:9,0
LF:5
LH:1
BRF:0
BRH:0
end_of_record
TN:
SF:src/files/index.ts
FN:15,(anonymous_0)
FN:24,(anonymous_1)
FN:33,(anonymous_2)
FN:52,(anonymous_3)
FN:79,(anonymous_4)
FN:89,(anonymous_5)
FN:98,(anonymous_6)
FN:104,(anonymous_7)
FN:113,(anonymous_8)
FN:122,(anonymous_9)
FN:125,(anonymous_10)
FN:135,(anonymous_11)
FN:144,(anonymous_12)
FN:146,(anonymous_13)
FN:205,(anonymous_14)
FN:214,(anonymous_15)
FN:223,(anonymous_16)
FN:242,(anonymous_17)
FN:267,(anonymous_18)
FN:280,(anonymous_19)
FN:293,(anonymous_20)
FN:299,(anonymous_21)
FN:311,(anonymous_22)
FNF:23
FNH:6
FNDA:2,(anonymous_0)
FNDA:0,(anonymous_1)
FNDA:1,(anonymous_2)
FNDA:0,(anonymous_3)
FNDA:2,(anonymous_4)
FNDA:0,(anonymous_5)
FNDA:0,(anonymous_6)
FNDA:1,(anonymous_7)
FNDA:0,(anonymous_8)
FNDA:0,(anonymous_9)
FNDA:0,(anonymous_10)
FNDA:0,(anonymous_11)
FNDA:0,(anonymous_12)
FNDA:0,(anonymous_13)
FNDA:0,(anonymous_14)
FNDA:0,(anonymous_15)
FNDA:0,(anonymous_16)
FNDA:0,(anonymous_17)
FNDA:0,(anonymous_18)
FNDA:0,(anonymous_19)
FNDA:0,(anonymous_20)
FNDA:1,(anonymous_21)
FNDA:1,(anonymous_22)
DA:15,2
DA:16,2
DA:17,2
DA:19,0
DA:24,2
DA:25,0
DA:26,0
DA:28,0
DA:33,2
DA:34,1
DA:35,0
DA:36,0
DA:40,0
DA:42,1
DA:43,1
DA:45,0
DA:52,2
DA:53,0
DA:54,0
DA:55,0
DA:59,0
DA:61,0
DA:62,0
DA:64,0
DA:79,2
DA:80,2
DA:81,2
DA:82,1
DA:84,1
DA:89,2
DA:90,0
DA:91,0
DA:93,0
DA:98,2
DA:99,0
DA:100,0
DA:104,2
DA:105,1
DA:113,2
DA:118,0
DA:119,0
DA:121,0
DA:122,0
DA:123,0
DA:124,0
DA:125,0
DA:128,0
DA:130,0
DA:135,2
DA:140,0
DA:141,0
DA:143,0
DA:144,0
DA:145,0
DA:146,0
DA:148,0
DA:150,0
DA:205,2
DA:206,0
DA:207,0
DA:209,0
DA:214,2
DA:215,0
DA:216,0
DA:218,0
DA:223,2
DA:224,0
DA:225,0
DA:226,0
DA:230,0
DA:232,0
DA:233,0
DA:235,0
DA:242,2
DA:243,0
DA:244,0
DA:245,0
DA:249,0
DA:251,0
DA:252,0
DA:254,0
DA:267,2
DA:268,0
DA:269,0
DA:270,0
DA:271,0
DA:272,0
DA:275,0
DA:280,2
DA:281,0
DA:282,0
DA:283,0
DA:284,0
DA:285,0
DA:288,0
DA:293,2
DA:294,0
DA:295,0
DA:299,2
DA:300,1
DA:301,0
DA:303,1
DA:304,1
DA:306,0
DA:307,0
DA:311,2
DA:312,1
DA:313,0
DA:316,1
DA:319,1
DA:334,1
DA:337,1
DA:340,1
DA:343,1
DA:345,1
DA:348,2
DA:350,2
LF:117
LH:42
BRDA:34,0,0,0
BRDA:34,0,1,1
BRDA:35,1,0,0
BRDA:35,1,1,0
BRDA:53,2,0,0
BRDA:53,2,1,0
BRDA:54,3,0,0
BRDA:54,3,1,0
BRDA:121,4,0,0
BRDA:121,4,1,0
BRDA:123,5,0,0
BRDA:123,5,1,0
BRDA:143,6,0,0
BRDA:143,6,1,0
BRDA:145,7,0,0
BRDA:145,7,1,0
BRDA:224,8,0,0
BRDA:224,8,1,0
BRDA:225,9,0,0
BRDA:225,9,1,0
BRDA:243,10,0,0
BRDA:243,10,1,0
BRDA:244,11,0,0
BRDA:244,11,1,0
BRDA:269,12,0,0
BRDA:269,12,1,0
BRDA:271,13,0,0
BRDA:271,13,1,0
BRDA:282,14,0,0
BRDA:282,14,1,0
BRDA:284,15,0,0
BRDA:284,15,1,0
BRDA:300,16,0,0
BRDA:300,16,1,1
BRDA:303,17,0,1
BRDA:303,17,1,0
BRDA:303,18,0,1
BRDA:303,18,1,1
BRDA:312,19,0,0
BRDA:312,19,1,1
BRF:40
BRH:6
end_of_record
TN:
SF:src/files/fixtures/globalRequire/second.ts
FN:1,(anonymous_0)
FNF:1
FNH:1
FNDA:1,(anonymous_0)
DA:1,1
DA:2,1
DA:5,1
LF:3
LH:3
BRF:0
BRH:0
end_of_record
TN:
SF:src/files/fixtures/globalRequire/temp.js
FN:5,(anonymous_0)
FN:9,(anonymous_1)
FN:13,(anonymous_2)
FNF:3
FNH:3
FNDA:1,(anonymous_0)
FNDA:1,(anonymous_1)
FNDA:1,(anonymous_2)
DA:2,1
DA:3,1
DA:4,1
DA:5,1
DA:6,1
DA:8,1
DA:9,1
DA:10,1
DA:12,1
DA:13,1
DA:14,1
DA:16,1
LF:12
LH:12
BRF:0
BRH:0
end_of_record
TN:
SF:src/merge/index.ts
FN:13,(anonymous_0)
FN:18,customizer
FN:24,(anonymous_2)
FN:35,(anonymous_3)
FN:43,(anonymous_4)
FN:61,(anonymous_5)
FNF:6
FNH:6
FNDA:3,(anonymous_0)
FNDA:16,customizer
FNDA:8,(anonymous_2)
FNDA:2,(anonymous_3)
FNDA:6,(anonymous_4)
FNDA:1,(anonymous_5)
DA:13,1
DA:19,16
DA:20,3
DA:24,3
DA:25,8
DA:35,1
DA:41,2
DA:44,6
DA:45,6
DA:47,0
DA:61,1
DA:67,1
DA:68,0
DA:70,1
DA:72,1
LF:15
LH:13
BRDA:14,0,0,0
BRDA:16,1,0,3
BRDA:19,2,0,3
BRDA:19,2,1,13
BRDA:25,3,0,8
BRDA:25,3,1,8
BRDA:36,4,0,0
BRDA:62,5,0,0
BRDA:67,6,0,0
BRDA:67,6,1,1
BRF:10
BRH:6
end_of_record
