{"C:\\Users\\crook\\Documents\\Grit\\Grit_Generators\\grit-jest\\temp.js": {"path":"C:\\Users\\crook\\Documents\\Grit\\Grit_Generators\\grit-jest\\temp.js","statementMap":{"0":{"start":{"line":2,"column":0},"end":{"line":22,"column":2}},"1":{"start":{"line":9,"column":8},"end":{"line":11,"column":11}},"2":{"start":{"line":12,"column":8},"end":{"line":17,"column":11}},"3":{"start":{"line":20,"column":8},"end":{"line":20,"column":32}}},"fnMap":{"0":{"name":"(anonymous_0)","decl":{"start":{"line":3,"column":4},"end":{"line":3,"column":5}},"loc":{"start":{"line":3,"column":18},"end":{"line":4,"column":5}},"line":3},"1":{"name":"(anonymous_1)","decl":{"start":{"line":8,"column":4},"end":{"line":8,"column":5}},"loc":{"start":{"line":8,"column":14},"end":{"line":18,"column":5}},"line":8},"2":{"name":"(anonymous_2)","decl":{"start":{"line":19,"column":4},"end":{"line":19,"column":5}},"loc":{"start":{"line":19,"column":26},"end":{"line":21,"column":5}},"line":19}},"branchMap":{},"s":{"0":1,"1":1,"2":1,"3":0},"f":{"0":1,"1":1,"2":0},"b":{},"_coverageSchema":"1a1c01bbd47fc00a2c39e90264f33305004495a9","hash":"12d66dd2bc1a10c9dc78c1f0550ca70abaf1c6d7"}
}
