<?xml version="1.0" encoding="UTF-8"?>
<coverage generated="1708533489346" clover="3.2.0">
  <project timestamp="1708533489347" name="All files">
    <metrics statements="12" coveredstatements="7" conditionals="9" coveredconditionals="7" methods="5" coveredmethods="2" elements="26" coveredelements="16" complexity="0" loc="12" ncloc="12" packages="1" files="1" classes="1"/>
    <file name="temp.js" path="/Users/Timothy/Documents/development/Grit-1/packages/grit-readme/temp.js">
      <metrics statements="12" coveredstatements="7" conditionals="9" coveredconditionals="7" methods="5" coveredmethods="2"/>
      <line num="2" count="1" type="cond" truecount="2" falsecount="1"/>
      <line num="3" count="1" type="cond" truecount="3" falsecount="1"/>
      <line num="5" count="1" type="stmt"/>
      <line num="6" count="1" type="stmt"/>
      <line num="7" count="1" type="stmt"/>
      <line num="9" count="1" type="stmt"/>
      <line num="27" count="0" type="stmt"/>
      <line num="42" count="0" type="stmt"/>
      <line num="62" count="0" type="stmt"/>
      <line num="63" count="0" type="stmt"/>
      <line num="64" count="0" type="stmt"/>
      <line num="67" count="1" type="stmt"/>
    </file>
  </project>
</coverage>
