<?xml version="1.0" encoding="UTF-8"?>
<coverage generated="1642008251651" clover="3.2.0">
  <project timestamp="1642008251651" name="All files">
    <metrics statements="10" coveredstatements="5" conditionals="9" coveredconditionals="6" methods="5" coveredmethods="2" elements="24" coveredelements="13" complexity="0" loc="10" ncloc="10" packages="1" files="1" classes="1"/>
    <file name="generator.js" path="C:\Users\crook\Documents\Grit\Grit_Generators\grit-readme\generator.js">
      <metrics statements="10" coveredstatements="5" conditionals="9" coveredconditionals="6" methods="5" coveredmethods="2"/>
      <line num="2" count="1" type="cond" truecount="2" falsecount="1"/>
      <line num="3" count="1" type="cond" truecount="3" falsecount="1"/>
      <line num="5" count="1" type="stmt"/>
      <line num="6" count="1" type="stmt"/>
      <line num="8" count="1" type="stmt"/>
      <line num="26" count="0" type="stmt"/>
      <line num="41" count="0" type="stmt"/>
      <line num="61" count="0" type="stmt"/>
      <line num="62" count="0" type="stmt"/>
      <line num="63" count="0" type="stmt"/>
    </file>
  </project>
</coverage>
