TN:
SF:temp.js
FN:2,(anonymous_0)
FN:8,(anonymous_1)
FN:13,(anonymous_2)
FN:24,(anonymous_3)
FN:36,(anonymous_4)
FN:42,(anonymous_5)
FN:53,(anonymous_6)
FNF:7
FNH:3
FNDA:1,(anonymous_0)
FNDA:1,(anonymous_1)
FNDA:0,(anonymous_2)
FNDA:0,(anonymous_3)
FNDA:0,(anonymous_4)
FNDA:1,(anonymous_5)
FNDA:0,(anonymous_6)
DA:2,1
DA:3,1
DA:5,1
DA:6,1
DA:7,1
DA:9,1
DA:13,0
DA:15,1
DA:20,1
DA:24,0
DA:27,1
DA:33,1
DA:37,0
DA:43,1
DA:46,1
DA:54,0
DA:55,0
DA:56,0
DA:59,1
LF:19
LH:13
BRDA:2,0,0,1
BRDA:2,0,1,0
BRDA:2,0,2,1
BRDA:3,1,0,0
BRDA:3,1,1,1
BRDA:3,2,0,1
BRDA:3,2,1,1
BRDA:23,3,0,1
BRDA:23,3,1,1
BRF:9
BRH:7
end_of_record
