<?xml version="1.0" encoding="UTF-8"?>
<coverage generated="1642008242243" clover="3.2.0">
  <project timestamp="1642008242243" name="All files">
    <metrics statements="11" coveredstatements="6" conditionals="9" coveredconditionals="6" methods="6" coveredmethods="3" elements="26" coveredelements="15" complexity="0" loc="11" ncloc="11" packages="1" files="1" classes="1"/>
    <file name="generator.js" path="C:\Users\crook\Documents\Grit\Grit_Generators\grit-typescript\generator.js">
      <metrics statements="11" coveredstatements="6" conditionals="9" coveredconditionals="6" methods="6" coveredmethods="3"/>
      <line num="2" count="1" type="cond" truecount="2" falsecount="1"/>
      <line num="3" count="1" type="cond" truecount="3" falsecount="1"/>
      <line num="5" count="1" type="stmt"/>
      <line num="6" count="1" type="stmt"/>
      <line num="8" count="1" type="stmt"/>
      <line num="14" count="0" type="stmt"/>
      <line num="27" count="0" type="stmt"/>
      <line num="42" count="1" type="stmt"/>
      <line num="62" count="0" type="stmt"/>
      <line num="63" count="0" type="stmt"/>
      <line num="64" count="0" type="stmt"/>
    </file>
  </project>
</coverage>
