<?xml version="1.0" encoding="UTF-8"?>
<coverage generated="1708533487336" clover="3.2.0">
  <project timestamp="1708533487336" name="All files">
    <metrics statements="18" coveredstatements="12" conditionals="9" coveredconditionals="7" methods="6" coveredmethods="2" elements="33" coveredelements="21" complexity="0" loc="18" ncloc="18" packages="1" files="1" classes="1"/>
    <file name="temp.js" path="/Users/Timothy/Documents/development/Grit-1/packages/grit-typescript/temp.js">
      <metrics statements="18" coveredstatements="12" conditionals="9" coveredconditionals="7" methods="6" coveredmethods="2"/>
      <line num="2" count="1" type="cond" truecount="2" falsecount="1"/>
      <line num="3" count="1" type="cond" truecount="3" falsecount="1"/>
      <line num="5" count="1" type="stmt"/>
      <line num="6" count="1" type="stmt"/>
      <line num="7" count="1" type="stmt"/>
      <line num="9" count="1" type="stmt"/>
      <line num="13" count="0" type="stmt"/>
      <line num="15" count="1" type="stmt"/>
      <line num="20" count="1" type="stmt"/>
      <line num="24" count="0" type="stmt"/>
      <line num="27" count="1" type="stmt"/>
      <line num="33" count="1" type="stmt"/>
      <line num="37" count="0" type="stmt"/>
      <line num="41" count="1" type="stmt"/>
      <line num="62" count="0" type="stmt"/>
      <line num="63" count="0" type="stmt"/>
      <line num="64" count="0" type="stmt"/>
      <line num="67" count="1" type="stmt"/>
    </file>
  </project>
</coverage>
