TN:
SF:generator.js
FN:2,(anonymous_0)
FN:7,(anonymous_1)
FN:14,(anonymous_2)
FN:27,(anonymous_3)
FN:41,(anonymous_4)
FN:61,(anonymous_5)
FNF:6
FNH:3
FNDA:1,(anonymous_0)
FNDA:1,(anonymous_1)
FNDA:0,(anonymous_2)
FNDA:0,(anonymous_3)
FNDA:1,(anonymous_4)
FNDA:0,(anonymous_5)
DA:2,1
DA:3,1
DA:5,1
DA:6,1
DA:8,1
DA:14,0
DA:27,0
DA:42,1
DA:62,0
DA:63,0
DA:64,0
LF:11
LH:6
BRDA:2,0,0,1
BRDA:2,0,1,0
BRDA:2,0,2,1
BRDA:3,1,0,0
BRDA:3,1,1,1
BRDA:3,2,0,1
BRDA:3,2,1,1
BRDA:26,3,0,1
BRDA:26,3,1,0
BRF:9
BRH:6
end_of_record
