<?xml version="1.0" encoding="UTF-8"?>
<coverage generated="1642008253015" clover="3.2.0">
  <project timestamp="1642008253015" name="All files">
    <metrics statements="24" coveredstatements="4" conditionals="7" coveredconditionals="5" methods="5" coveredmethods="1" elements="36" coveredelements="10" complexity="0" loc="24" ncloc="24" packages="1" files="1" classes="1"/>
    <file name="temp.js" path="C:\Users\crook\Documents\Grit\Grit_Generators\grit-react\temp.js">
      <metrics statements="24" coveredstatements="4" conditionals="7" coveredconditionals="5" methods="5" coveredmethods="1"/>
      <line num="2" count="1" type="cond" truecount="2" falsecount="1"/>
      <line num="3" count="1" type="cond" truecount="3" falsecount="1"/>
      <line num="5" count="1" type="stmt"/>
      <line num="6" count="1" type="stmt"/>
      <line num="7" count="0" type="stmt"/>
      <line num="12" count="0" type="stmt"/>
      <line num="17" count="0" type="stmt"/>
      <line num="26" count="0" type="stmt"/>
      <line num="39" count="0" type="stmt"/>
      <line num="53" count="0" type="stmt"/>
      <line num="57" count="0" type="stmt"/>
      <line num="59" count="0" type="stmt"/>
      <line num="75" count="0" type="stmt"/>
      <line num="85" count="0" type="stmt"/>
      <line num="99" count="0" type="stmt"/>
      <line num="109" count="0" type="stmt"/>
      <line num="122" count="0" type="stmt"/>
      <line num="132" count="0" type="stmt"/>
      <line num="142" count="0" type="stmt"/>
      <line num="154" count="0" type="stmt"/>
      <line num="157" count="0" type="stmt"/>
      <line num="165" count="0" type="stmt"/>
      <line num="166" count="0" type="stmt"/>
      <line num="167" count="0" type="stmt"/>
    </file>
  </project>
</coverage>
