{"C:\\Users\\crook\\Documents\\Grit\\Grit_Generators\\grit-react\\temp.js": {"path":"C:\\Users\\crook\\Documents\\Grit\\Grit_Generators\\grit-react\\temp.js","statementMap":{"0":{"start":{"line":2,"column":22},"end":{"line":4,"column":1}},"1":{"start":{"line":3,"column":4},"end":{"line":3,"column":62}},"2":{"start":{"line":5,"column":15},"end":{"line":5,"column":47}},"3":{"start":{"line":6,"column":19},"end":{"line":6,"column":46}},"4":{"start":{"line":7,"column":0},"end":{"line":169,"column":2}},"5":{"start":{"line":12,"column":8},"end":{"line":16,"column":11}},"6":{"start":{"line":17,"column":8},"end":{"line":25,"column":11}},"7":{"start":{"line":26,"column":8},"end":{"line":38,"column":11}},"8":{"start":{"line":39,"column":8},"end":{"line":52,"column":11}},"9":{"start":{"line":53,"column":8},"end":{"line":58,"column":11}},"10":{"start":{"line":57,"column":31},"end":{"line":57,"column":75}},"11":{"start":{"line":59,"column":8},"end":{"line":74,"column":11}},"12":{"start":{"line":75,"column":8},"end":{"line":84,"column":11}},"13":{"start":{"line":85,"column":8},"end":{"line":98,"column":11}},"14":{"start":{"line":99,"column":8},"end":{"line":108,"column":11}},"15":{"start":{"line":109,"column":8},"end":{"line":121,"column":11}},"16":{"start":{"line":122,"column":8},"end":{"line":131,"column":11}},"17":{"start":{"line":132,"column":8},"end":{"line":141,"column":11}},"18":{"start":{"line":142,"column":8},"end":{"line":151,"column":11}},"19":{"start":{"line":154,"column":8},"end":{"line":156,"column":11}},"20":{"start":{"line":157,"column":8},"end":{"line":162,"column":11}},"21":{"start":{"line":165,"column":8},"end":{"line":165,"column":23}},"22":{"start":{"line":166,"column":8},"end":{"line":166,"column":32}},"23":{"start":{"line":167,"column":8},"end":{"line":167,"column":31}}},"fnMap":{"0":{"name":"(anonymous_0)","decl":{"start":{"line":2,"column":56},"end":{"line":2,"column":57}},"loc":{"start":{"line":2,"column":71},"end":{"line":4,"column":1}},"line":2},"1":{"name":"(anonymous_1)","decl":{"start":{"line":11,"column":4},"end":{"line":11,"column":5}},"loc":{"start":{"line":11,"column":18},"end":{"line":152,"column":5}},"line":11},"2":{"name":"(anonymous_2)","decl":{"start":{"line":57,"column":18},"end":{"line":57,"column":19}},"loc":{"start":{"line":57,"column":31},"end":{"line":57,"column":75}},"line":57},"3":{"name":"(anonymous_3)","decl":{"start":{"line":153,"column":4},"end":{"line":153,"column":5}},"loc":{"start":{"line":153,"column":14},"end":{"line":163,"column":5}},"line":153},"4":{"name":"(anonymous_4)","decl":{"start":{"line":164,"column":4},"end":{"line":164,"column":5}},"loc":{"start":{"line":164,"column":26},"end":{"line":168,"column":5}},"line":164}},"branchMap":{"0":{"loc":{"start":{"line":2,"column":22},"end":{"line":4,"column":1}},"type":"binary-expr","locations":[{"start":{"line":2,"column":23},"end":{"line":2,"column":27}},{"start":{"line":2,"column":31},"end":{"line":2,"column":51}},{"start":{"line":2,"column":56},"end":{"line":4,"column":1}}],"line":2},"1":{"loc":{"start":{"line":3,"column":11},"end":{"line":3,"column":61}},"type":"cond-expr","locations":[{"start":{"line":3,"column":37},"end":{"line":3,"column":40}},{"start":{"line":3,"column":43},"end":{"line":3,"column":61}}],"line":3},"2":{"loc":{"start":{"line":3,"column":12},"end":{"line":3,"column":33}},"type":"binary-expr","locations":[{"start":{"line":3,"column":12},"end":{"line":3,"column":15}},{"start":{"line":3,"column":19},"end":{"line":3,"column":33}}],"line":3}},"s":{"0":1,"1":1,"2":1,"3":1,"4":0,"5":0,"6":0,"7":0,"8":0,"9":0,"10":0,"11":0,"12":0,"13":0,"14":0,"15":0,"16":0,"17":0,"18":0,"19":0,"20":0,"21":0,"22":0,"23":0},"f":{"0":1,"1":0,"2":0,"3":0,"4":0},"b":{"0":[1,0,1],"1":[0,1],"2":[1,1]},"_coverageSchema":"1a1c01bbd47fc00a2c39e90264f33305004495a9","hash":"52d69e20735a46a779b988cc84f87b00759ee066"}
}
