TN:
SF:temp.js
FN:2,(anonymous_0)
FN:11,(anonymous_1)
FN:57,(anonymous_2)
FN:153,(anonymous_3)
FN:164,(anonymous_4)
FNF:5
FNH:1
FNDA:1,(anonymous_0)
FNDA:0,(anonymous_1)
FNDA:0,(anonymous_2)
FNDA:0,(anonymous_3)
FNDA:0,(anonymous_4)
DA:2,1
DA:3,1
DA:5,1
DA:6,1
DA:7,0
DA:12,0
DA:17,0
DA:26,0
DA:39,0
DA:53,0
DA:57,0
DA:59,0
DA:75,0
DA:85,0
DA:99,0
DA:109,0
DA:122,0
DA:132,0
DA:142,0
DA:154,0
DA:157,0
DA:165,0
DA:166,0
DA:167,0
LF:24
LH:4
BRDA:2,0,0,1
BRDA:2,0,1,0
BRDA:2,0,2,1
BRDA:3,1,0,0
BRDA:3,1,1,1
BRDA:3,2,0,1
BRDA:3,2,1,1
BRF:7
BRH:5
end_of_record
