<?xml version="1.0" encoding="UTF-8"?>
<coverage generated="1642008257120" clover="3.2.0">
  <project timestamp="1642008257121" name="All files">
    <metrics statements="49" coveredstatements="33" conditionals="32" coveredconditionals="21" methods="11" coveredmethods="5" elements="92" coveredelements="59" complexity="0" loc="49" ncloc="49" packages="3" files="3" classes="3"/>
    <package name="grit-nm">
      <metrics statements="47" coveredstatements="31" conditionals="32" coveredconditionals="21" methods="11" coveredmethods="5"/>
      <file name="temp.js" path="C:\Users\crook\Documents\Grit\Grit_Generators\grit-nm\temp.js">
        <metrics statements="47" coveredstatements="31" conditionals="32" coveredconditionals="21" methods="11" coveredmethods="5"/>
        <line num="2" count="1" type="cond" truecount="2" falsecount="1"/>
        <line num="3" count="2" type="cond" truecount="3" falsecount="1"/>
        <line num="5" count="1" type="stmt"/>
        <line num="6" count="1" type="stmt"/>
        <line num="7" count="1" type="stmt"/>
        <line num="9" count="4" type="cond" truecount="2" falsecount="0"/>
        <line num="10" count="4" type="cond" truecount="1" falsecount="1"/>
        <line num="11" count="0" type="stmt"/>
        <line num="15" count="4" type="stmt"/>
        <line num="19" count="0" type="stmt"/>
        <line num="21" count="0" type="cond" truecount="0" falsecount="2"/>
        <line num="22" count="0" type="stmt"/>
        <line num="23" count="0" type="stmt"/>
        <line num="26" count="4" type="stmt"/>
        <line num="31" count="4" type="stmt"/>
        <line num="36" count="0" type="stmt"/>
        <line num="37" count="0" type="stmt"/>
        <line num="38" count="0" type="cond" truecount="0" falsecount="2"/>
        <line num="39" count="0" type="stmt"/>
        <line num="40" count="0" type="stmt"/>
        <line num="43" count="4" type="stmt"/>
        <line num="47" count="0" type="stmt"/>
        <line num="50" count="4" type="stmt"/>
        <line num="56" count="4" type="stmt"/>
        <line num="60" count="0" type="stmt"/>
        <line num="64" count="4" type="stmt"/>
        <line num="70" count="4" type="stmt"/>
        <line num="76" count="4" type="stmt"/>
        <line num="82" count="4" type="stmt"/>
        <line num="88" count="4" type="stmt"/>
        <line num="94" count="4" type="stmt"/>
        <line num="100" count="4" type="stmt"/>
        <line num="111" count="4" type="stmt"/>
        <line num="114" count="4" type="stmt"/>
        <line num="121" count="4" type="cond" truecount="4" falsecount="0"/>
        <line num="122" count="1" type="stmt"/>
        <line num="124" count="4" type="stmt"/>
        <line num="142" count="3" type="stmt"/>
        <line num="146" count="1" type="cond" truecount="4" falsecount="1"/>
        <line num="147" count="0" type="stmt"/>
        <line num="150" count="1" type="cond" truecount="3" falsecount="1"/>
        <line num="151" count="1" type="stmt"/>
        <line num="158" count="1" type="cond" truecount="1" falsecount="1"/>
        <line num="159" count="1" type="stmt"/>
        <line num="165" count="0" type="stmt"/>
        <line num="166" count="0" type="stmt"/>
        <line num="167" count="0" type="stmt"/>
      </file>
    </package>
    <package name="grit-nm.plugins.license">
      <metrics statements="1" coveredstatements="1" conditionals="0" coveredconditionals="0" methods="0" coveredmethods="0"/>
      <file name="temp.js" path="C:\Users\crook\Documents\Grit\Grit_Generators\grit-nm\plugins\license\temp.js">
        <metrics statements="1" coveredstatements="1" conditionals="0" coveredconditionals="0" methods="0" coveredmethods="0"/>
        <line num="2" count="1" type="stmt"/>
      </file>
    </package>
    <package name="grit-nm.plugins.readme">
      <metrics statements="1" coveredstatements="1" conditionals="0" coveredconditionals="0" methods="0" coveredmethods="0"/>
      <file name="temp.js" path="C:\Users\crook\Documents\Grit\Grit_Generators\grit-nm\plugins\readme\temp.js">
        <metrics statements="1" coveredstatements="1" conditionals="0" coveredconditionals="0" methods="0" coveredmethods="0"/>
        <line num="2" count="1" type="stmt"/>
      </file>
    </package>
  </project>
</coverage>
