{"C:\\Users\\crook\\Documents\\Grit\\Grit_Generators\\grit-nm\\temp.js": {"path":"C:\\Users\\crook\\Documents\\Grit\\Grit_Generators\\grit-nm\\temp.js","statementMap":{"0":{"start":{"line":2,"column":22},"end":{"line":4,"column":1}},"1":{"start":{"line":3,"column":4},"end":{"line":3,"column":62}},"2":{"start":{"line":5,"column":15},"end":{"line":5,"column":47}},"3":{"start":{"line":6,"column":36},"end":{"line":6,"column":89}},"4":{"start":{"line":7,"column":0},"end":{"line":169,"column":2}},"5":{"start":{"line":9,"column":20},"end":{"line":9,"column":34}},"6":{"start":{"line":10,"column":8},"end":{"line":12,"column":9}},"7":{"start":{"line":11,"column":12},"end":{"line":11,"column":84}},"8":{"start":{"line":15,"column":8},"end":{"line":25,"column":11}},"9":{"start":{"line":19,"column":29},"end":{"line":19,"column":46}},"10":{"start":{"line":21,"column":16},"end":{"line":22,"column":54}},"11":{"start":{"line":22,"column":20},"end":{"line":22,"column":54}},"12":{"start":{"line":23,"column":16},"end":{"line":23,"column":28}},"13":{"start":{"line":26,"column":8},"end":{"line":30,"column":11}},"14":{"start":{"line":31,"column":8},"end":{"line":42,"column":11}},"15":{"start":{"line":36,"column":33},"end":{"line":36,"column":49}},"16":{"start":{"line":37,"column":31},"end":{"line":37,"column":53}},"17":{"start":{"line":38,"column":16},"end":{"line":39,"column":64}},"18":{"start":{"line":39,"column":20},"end":{"line":39,"column":64}},"19":{"start":{"line":40,"column":16},"end":{"line":40,"column":28}},"20":{"start":{"line":43,"column":8},"end":{"line":49,"column":11}},"21":{"start":{"line":47,"column":29},"end":{"line":47,"column":46}},"22":{"start":{"line":50,"column":8},"end":{"line":55,"column":11}},"23":{"start":{"line":56,"column":8},"end":{"line":63,"column":11}},"24":{"start":{"line":60,"column":16},"end":{"line":60,"column":56}},"25":{"start":{"line":64,"column":8},"end":{"line":69,"column":11}},"26":{"start":{"line":70,"column":8},"end":{"line":75,"column":11}},"27":{"start":{"line":76,"column":8},"end":{"line":81,"column":11}},"28":{"start":{"line":82,"column":8},"end":{"line":87,"column":11}},"29":{"start":{"line":88,"column":8},"end":{"line":93,"column":11}},"30":{"start":{"line":94,"column":8},"end":{"line":99,"column":11}},"31":{"start":{"line":100,"column":8},"end":{"line":105,"column":11}},"32":{"start":{"line":111,"column":8},"end":{"line":113,"column":11}},"33":{"start":{"line":114,"column":8},"end":{"line":119,"column":11}},"34":{"start":{"line":121,"column":8},"end":{"line":123,"column":9}},"35":{"start":{"line":122,"column":12},"end":{"line":122,"column":48}},"36":{"start":{"line":124,"column":8},"end":{"line":144,"column":11}},"37":{"start":{"line":142,"column":34},"end":{"line":142,"column":48}},"38":{"start":{"line":146,"column":8},"end":{"line":148,"column":9}},"39":{"start":{"line":147,"column":12},"end":{"line":147,"column":48}},"40":{"start":{"line":150,"column":8},"end":{"line":156,"column":9}},"41":{"start":{"line":151,"column":12},"end":{"line":155,"column":15}},"42":{"start":{"line":158,"column":8},"end":{"line":162,"column":9}},"43":{"start":{"line":159,"column":12},"end":{"line":161,"column":15}},"44":{"start":{"line":165,"column":8},"end":{"line":165,"column":23}},"45":{"start":{"line":166,"column":8},"end":{"line":166,"column":32}},"46":{"start":{"line":167,"column":8},"end":{"line":167,"column":31}}},"fnMap":{"0":{"name":"(anonymous_0)","decl":{"start":{"line":2,"column":56},"end":{"line":2,"column":57}},"loc":{"start":{"line":2,"column":71},"end":{"line":4,"column":1}},"line":2},"1":{"name":"(anonymous_1)","decl":{"start":{"line":8,"column":4},"end":{"line":8,"column":5}},"loc":{"start":{"line":8,"column":18},"end":{"line":13,"column":5}},"line":8},"2":{"name":"(anonymous_2)","decl":{"start":{"line":14,"column":4},"end":{"line":14,"column":5}},"loc":{"start":{"line":14,"column":18},"end":{"line":106,"column":5}},"line":14},"3":{"name":"(anonymous_3)","decl":{"start":{"line":19,"column":20},"end":{"line":19,"column":21}},"loc":{"start":{"line":19,"column":29},"end":{"line":19,"column":46}},"line":19},"4":{"name":"(anonymous_4)","decl":{"start":{"line":20,"column":22},"end":{"line":20,"column":23}},"loc":{"start":{"line":20,"column":33},"end":{"line":24,"column":13}},"line":20},"5":{"name":"(anonymous_5)","decl":{"start":{"line":34,"column":22},"end":{"line":34,"column":23}},"loc":{"start":{"line":34,"column":33},"end":{"line":41,"column":13}},"line":34},"6":{"name":"(anonymous_6)","decl":{"start":{"line":47,"column":20},"end":{"line":47,"column":21}},"loc":{"start":{"line":47,"column":29},"end":{"line":47,"column":46}},"line":47},"7":{"name":"(anonymous_7)","decl":{"start":{"line":59,"column":12},"end":{"line":59,"column":13}},"loc":{"start":{"line":59,"column":29},"end":{"line":61,"column":13}},"line":59},"8":{"name":"(anonymous_8)","decl":{"start":{"line":110,"column":4},"end":{"line":110,"column":5}},"loc":{"start":{"line":110,"column":18},"end":{"line":163,"column":5}},"line":110},"9":{"name":"(anonymous_9)","decl":{"start":{"line":142,"column":21},"end":{"line":142,"column":22}},"loc":{"start":{"line":142,"column":34},"end":{"line":142,"column":48}},"line":142},"10":{"name":"(anonymous_10)","decl":{"start":{"line":164,"column":4},"end":{"line":164,"column":5}},"loc":{"start":{"line":164,"column":26},"end":{"line":168,"column":5}},"line":164}},"branchMap":{"0":{"loc":{"start":{"line":2,"column":22},"end":{"line":4,"column":1}},"type":"binary-expr","locations":[{"start":{"line":2,"column":23},"end":{"line":2,"column":27}},{"start":{"line":2,"column":31},"end":{"line":2,"column":51}},{"start":{"line":2,"column":56},"end":{"line":4,"column":1}}],"line":2},"1":{"loc":{"start":{"line":3,"column":11},"end":{"line":3,"column":61}},"type":"cond-expr","locations":[{"start":{"line":3,"column":37},"end":{"line":3,"column":40}},{"start":{"line":3,"column":43},"end":{"line":3,"column":61}}],"line":3},"2":{"loc":{"start":{"line":3,"column":12},"end":{"line":3,"column":33}},"type":"binary-expr","locations":[{"start":{"line":3,"column":12},"end":{"line":3,"column":15}},{"start":{"line":3,"column":19},"end":{"line":3,"column":33}}],"line":3},"3":{"loc":{"start":{"line":9,"column":20},"end":{"line":9,"column":34}},"type":"binary-expr","locations":[{"start":{"line":9,"column":20},"end":{"line":9,"column":28}},{"start":{"line":9,"column":32},"end":{"line":9,"column":34}}],"line":9},"4":{"loc":{"start":{"line":10,"column":8},"end":{"line":12,"column":9}},"type":"if","locations":[{"start":{"line":10,"column":8},"end":{"line":12,"column":9}},{"start":{},"end":{}}],"line":10},"5":{"loc":{"start":{"line":21,"column":16},"end":{"line":22,"column":54}},"type":"if","locations":[{"start":{"line":21,"column":16},"end":{"line":22,"column":54}},{"start":{},"end":{}}],"line":21},"6":{"loc":{"start":{"line":38,"column":16},"end":{"line":39,"column":64}},"type":"if","locations":[{"start":{"line":38,"column":16},"end":{"line":39,"column":64}},{"start":{},"end":{}}],"line":38},"7":{"loc":{"start":{"line":46,"column":21},"end":{"line":46,"column":63}},"type":"binary-expr","locations":[{"start":{"line":46,"column":21},"end":{"line":46,"column":42}},{"start":{"line":46,"column":46},"end":{"line":46,"column":63}}],"line":46},"8":{"loc":{"start":{"line":121,"column":8},"end":{"line":123,"column":9}},"type":"if","locations":[{"start":{"line":121,"column":8},"end":{"line":123,"column":9}},{"start":{},"end":{}}],"line":121},"9":{"loc":{"start":{"line":121,"column":12},"end":{"line":121,"column":78}},"type":"binary-expr","locations":[{"start":{"line":121,"column":12},"end":{"line":121,"column":33}},{"start":{"line":121,"column":37},"end":{"line":121,"column":78}}],"line":121},"10":{"loc":{"start":{"line":146,"column":8},"end":{"line":148,"column":9}},"type":"if","locations":[{"start":{"line":146,"column":8},"end":{"line":148,"column":9}},{"start":{},"end":{}}],"line":146},"11":{"loc":{"start":{"line":146,"column":12},"end":{"line":146,"column":79}},"type":"binary-expr","locations":[{"start":{"line":146,"column":12},"end":{"line":146,"column":33}},{"start":{"line":146,"column":37},"end":{"line":146,"column":55}},{"start":{"line":146,"column":59},"end":{"line":146,"column":79}}],"line":146},"12":{"loc":{"start":{"line":150,"column":8},"end":{"line":156,"column":9}},"type":"if","locations":[{"start":{"line":150,"column":8},"end":{"line":156,"column":9}},{"start":{},"end":{}}],"line":150},"13":{"loc":{"start":{"line":150,"column":12},"end":{"line":150,"column":54}},"type":"binary-expr","locations":[{"start":{"line":150,"column":12},"end":{"line":150,"column":29}},{"start":{"line":150,"column":33},"end":{"line":150,"column":54}}],"line":150},"14":{"loc":{"start":{"line":158,"column":8},"end":{"line":162,"column":9}},"type":"if","locations":[{"start":{"line":158,"column":8},"end":{"line":162,"column":9}},{"start":{},"end":{}}],"line":158}},"s":{"0":1,"1":2,"2":1,"3":1,"4":1,"5":4,"6":4,"7":0,"8":4,"9":0,"10":0,"11":0,"12":0,"13":4,"14":4,"15":0,"16":0,"17":0,"18":0,"19":0,"20":4,"21":0,"22":4,"23":4,"24":0,"25":4,"26":4,"27":4,"28":4,"29":4,"30":4,"31":4,"32":4,"33":4,"34":4,"35":1,"36":4,"37":3,"38":1,"39":0,"40":1,"41":1,"42":1,"43":1,"44":0,"45":0,"46":0},"f":{"0":2,"1":4,"2":4,"3":0,"4":0,"5":0,"6":0,"7":0,"8":4,"9":3,"10":0},"b":{"0":[1,0,1],"1":[0,2],"2":[2,2],"3":[4,4],"4":[0,4],"5":[0,0],"6":[0,0],"7":[4,0],"8":[1,3],"9":[4,1],"10":[0,1],"11":[1,1,1],"12":[1,0],"13":[1,1],"14":[1,0]},"_coverageSchema":"1a1c01bbd47fc00a2c39e90264f33305004495a9","hash":"bb56a038b21c6a5455131f87af709c96cdd7678f"}
,"C:\\Users\\crook\\Documents\\Grit\\Grit_Generators\\grit-nm\\plugins\\license\\temp.js": {"path":"C:\\Users\\crook\\Documents\\Grit\\Grit_Generators\\grit-nm\\plugins\\license\\temp.js","statementMap":{"0":{"start":{"line":2,"column":0},"end":{"line":4,"column":2}}},"fnMap":{},"branchMap":{},"s":{"0":1},"f":{},"b":{},"_coverageSchema":"1a1c01bbd47fc00a2c39e90264f33305004495a9","hash":"06255f1bb3bbc69163f6f188721c89f4b3e854af"}
,"C:\\Users\\crook\\Documents\\Grit\\Grit_Generators\\grit-nm\\plugins\\readme\\temp.js": {"path":"C:\\Users\\crook\\Documents\\Grit\\Grit_Generators\\grit-nm\\plugins\\readme\\temp.js","statementMap":{"0":{"start":{"line":2,"column":0},"end":{"line":4,"column":2}}},"fnMap":{},"branchMap":{},"s":{"0":1},"f":{},"b":{},"_coverageSchema":"1a1c01bbd47fc00a2c39e90264f33305004495a9","hash":"0a958a6797b874d401c6931c022391b48ee1325d"}
}
