TN:
SF:temp.js
FN:2,(anonymous_0)
FN:8,(anonymous_1)
FN:14,(anonymous_2)
FN:19,(anonymous_3)
FN:20,(anonymous_4)
FN:34,(anonymous_5)
FN:47,(anonymous_6)
FN:59,(anonymous_7)
FN:110,(anonymous_8)
FN:142,(anonymous_9)
FN:164,(anonymous_10)
FNF:11
FNH:5
FNDA:2,(anonymous_0)
FNDA:4,(anonymous_1)
FNDA:4,(anonymous_2)
FNDA:0,(anonymous_3)
FNDA:0,(anonymous_4)
FNDA:0,(anonymous_5)
FNDA:0,(anonymous_6)
FNDA:0,(anonymous_7)
FNDA:4,(anonymous_8)
FNDA:3,(anonymous_9)
FNDA:0,(anonymous_10)
DA:2,1
DA:3,2
DA:5,1
DA:6,1
DA:7,1
DA:9,4
DA:10,4
DA:11,0
DA:15,4
DA:19,0
DA:21,0
DA:22,0
DA:23,0
DA:26,4
DA:31,4
DA:36,0
DA:37,0
DA:38,0
DA:39,0
DA:40,0
DA:43,4
DA:47,0
DA:50,4
DA:56,4
DA:60,0
DA:64,4
DA:70,4
DA:76,4
DA:82,4
DA:88,4
DA:94,4
DA:100,4
DA:111,4
DA:114,4
DA:121,4
DA:122,1
DA:124,4
DA:142,3
DA:146,1
DA:147,0
DA:150,1
DA:151,1
DA:158,1
DA:159,1
DA:165,0
DA:166,0
DA:167,0
LF:47
LH:31
BRDA:2,0,0,1
BRDA:2,0,1,0
BRDA:2,0,2,1
BRDA:3,1,0,0
BRDA:3,1,1,2
BRDA:3,2,0,2
BRDA:3,2,1,2
BRDA:9,3,0,4
BRDA:9,3,1,4
BRDA:10,4,0,0
BRDA:10,4,1,4
BRDA:21,5,0,0
BRDA:21,5,1,0
BRDA:38,6,0,0
BRDA:38,6,1,0
BRDA:46,7,0,4
BRDA:46,7,1,0
BRDA:121,8,0,1
BRDA:121,8,1,3
BRDA:121,9,0,4
BRDA:121,9,1,1
BRDA:146,10,0,0
BRDA:146,10,1,1
BRDA:146,11,0,1
BRDA:146,11,1,1
BRDA:146,11,2,1
BRDA:150,12,0,1
BRDA:150,12,1,0
BRDA:150,13,0,1
BRDA:150,13,1,1
BRDA:158,14,0,1
BRDA:158,14,1,0
BRF:32
BRH:21
end_of_record
TN:
SF:plugins\license\temp.js
FNF:0
FNH:0
DA:2,1
LF:1
LH:1
BRF:0
BRH:0
end_of_record
TN:
SF:plugins\readme\temp.js
FNF:0
FNH:0
DA:2,1
LF:1
LH:1
BRF:0
BRH:0
end_of_record
